[0.645s] Invoking command in '/home/aarjan/minor_ros/src/pubsub': PYTHONPATH=/home/aarjan/minor_ros/build/pubsub/prefix_override:/home/aarjan/minor_ros/install/pubsub/lib/python3.10/site-packages:${PYTHONPATH} /usr/bin/python3 setup.py egg_info --egg-base ../../build/pubsub build --build-base /home/aarjan/minor_ros/build/pubsub/build install --record /home/aarjan/minor_ros/build/pubsub/install.log --single-version-externally-managed
[0.833s] running egg_info
[0.833s] writing ../../build/pubsub/pubsub.egg-info/PKG-INFO
[0.833s] writing dependency_links to ../../build/pubsub/pubsub.egg-info/dependency_links.txt
[0.833s] writing entry points to ../../build/pubsub/pubsub.egg-info/entry_points.txt
[0.833s] writing requirements to ../../build/pubsub/pubsub.egg-info/requires.txt
[0.834s] writing top-level names to ../../build/pubsub/pubsub.egg-info/top_level.txt
[0.835s] reading manifest file '../../build/pubsub/pubsub.egg-info/SOURCES.txt'
[0.835s] writing manifest file '../../build/pubsub/pubsub.egg-info/SOURCES.txt'
[0.835s] running build
[0.835s] running build_py
[0.835s] running install
[0.835s] running install_lib
[0.836s] running install_data
[0.837s] running install_egg_info
[0.838s] removing '/home/aarjan/minor_ros/install/pubsub/lib/python3.10/site-packages/pubsub-0.0.0-py3.10.egg-info' (and everything under it)
[0.838s] Copying ../../build/pubsub/pubsub.egg-info to /home/aarjan/minor_ros/install/pubsub/lib/python3.10/site-packages/pubsub-0.0.0-py3.10.egg-info
[0.838s] running install_scripts
[0.851s] Installing draw_circle script to /home/aarjan/minor_ros/install/pubsub/lib/pubsub
[0.851s] Installing listener script to /home/aarjan/minor_ros/install/pubsub/lib/pubsub
[0.851s] Installing talker script to /home/aarjan/minor_ros/install/pubsub/lib/pubsub
[0.851s] Installing test_node script to /home/aarjan/minor_ros/install/pubsub/lib/pubsub
[0.851s] Installing turtle_controller script to /home/aarjan/minor_ros/install/pubsub/lib/pubsub
[0.851s] writing list of installed files to '/home/aarjan/minor_ros/build/pubsub/install.log'
[0.868s] Invoked command in '/home/aarjan/minor_ros/src/pubsub' returned '0': PYTHONPATH=/home/aarjan/minor_ros/build/pubsub/prefix_override:/home/aarjan/minor_ros/install/pubsub/lib/python3.10/site-packages:${PYTHONPATH} /usr/bin/python3 setup.py egg_info --egg-base ../../build/pubsub build --build-base /home/aarjan/minor_ros/build/pubsub/build install --record /home/aarjan/minor_ros/build/pubsub/install.log --single-version-externally-managed
