[0.923s] Invoking command in '/home/aarjan/minor_ros/src/pubsub': PYTHONPATH=/home/aarjan/minor_ros/build/pubsub/prefix_override:/home/aarjan/minor_ros/install/pubsub/lib/python3.10/site-packages:${PYTHONPATH} /usr/bin/python3 setup.py egg_info --egg-base ../../build/pubsub build --build-base /home/aarjan/minor_ros/build/pubsub/build install --record /home/aarjan/minor_ros/build/pubsub/install.log --single-version-externally-managed
[1.121s] running egg_info
[1.121s] writing ../../build/pubsub/pubsub.egg-info/PKG-INFO
[1.121s] writing dependency_links to ../../build/pubsub/pubsub.egg-info/dependency_links.txt
[1.122s] writing entry points to ../../build/pubsub/pubsub.egg-info/entry_points.txt
[1.122s] writing requirements to ../../build/pubsub/pubsub.egg-info/requires.txt
[1.122s] writing top-level names to ../../build/pubsub/pubsub.egg-info/top_level.txt
[1.122s] writing ../../build/pubsub/pubsub.egg-info/PKG-INFO
[1.123s] writing dependency_links to ../../build/pubsub/pubsub.egg-info/dependency_links.txt
[1.124s] writing entry points to ../../build/pubsub/pubsub.egg-info/entry_points.txt
[1.124s] writing requirements to ../../build/pubsub/pubsub.egg-info/requires.txt
[1.124s] writing top-level names to ../../build/pubsub/pubsub.egg-info/top_level.txt
[1.125s] reading manifest file '../../build/pubsub/pubsub.egg-info/SOURCES.txt'
[1.125s] writing manifest file '../../build/pubsub/pubsub.egg-info/SOURCES.txt'
[1.125s] running build
[1.125s] running build_py
[1.126s] running install
[1.126s] running install_lib
[1.126s] running install_data
[1.127s] running install_egg_info
[1.128s] removing '/home/aarjan/minor_ros/install/pubsub/lib/python3.10/site-packages/pubsub-0.0.0-py3.10.egg-info' (and everything under it)
[1.128s] Copying ../../build/pubsub/pubsub.egg-info to /home/aarjan/minor_ros/install/pubsub/lib/python3.10/site-packages/pubsub-0.0.0-py3.10.egg-info
[1.128s] running install_scripts
[1.141s] Installing draw_circle script to /home/aarjan/minor_ros/install/pubsub/lib/pubsub
[1.141s] Installing listener script to /home/aarjan/minor_ros/install/pubsub/lib/pubsub
[1.141s] Installing motor_vel script to /home/aarjan/minor_ros/install/pubsub/lib/pubsub
[1.141s] Installing talker script to /home/aarjan/minor_ros/install/pubsub/lib/pubsub
[1.141s] Installing test_node script to /home/aarjan/minor_ros/install/pubsub/lib/pubsub
[1.141s] Installing turtle_controller script to /home/aarjan/minor_ros/install/pubsub/lib/pubsub
[1.141s] writing list of installed files to '/home/aarjan/minor_ros/build/pubsub/install.log'
[1.212s] Invoked command in '/home/aarjan/minor_ros/src/pubsub' returned '0': PYTHONPATH=/home/aarjan/minor_ros/build/pubsub/prefix_override:/home/aarjan/minor_ros/install/pubsub/lib/python3.10/site-packages:${PYTHONPATH} /usr/bin/python3 setup.py egg_info --egg-base ../../build/pubsub build --build-base /home/aarjan/minor_ros/build/pubsub/build install --record /home/aarjan/minor_ros/build/pubsub/install.log --single-version-externally-managed
