[0.209s] Invoking command in '/home/aarjan/minor_ros/build/car_body': CMAKE_PREFIX_PATH=${CMAKE_PREFIX_PATH}:/opt/ros/humble /usr/bin/cmake --build /home/aarjan/minor_ros/build/car_body -- -j12 -l12
[0.480s] -- Found ament_cmake: 1.3.5 (/opt/ros/humble/share/ament_cmake/cmake)
[0.480s] -- Found rclcpp: 16.0.6 (/opt/ros/humble/share/rclcpp/cmake)
[0.480s] -- Found rosidl_generator_c: 3.1.5 (/opt/ros/humble/share/rosidl_generator_c/cmake)
[0.480s] -- Found rosidl_adapter: 3.1.5 (/opt/ros/humble/share/rosidl_adapter/cmake)
[0.480s] -- Found rosidl_generator_cpp: 3.1.5 (/opt/ros/humble/share/rosidl_generator_cpp/cmake)
[0.480s] -- Using all available rosidl_typesupport_c: rosidl_typesupport_fastrtps_c;rosidl_typesupport_introspection_c
[0.480s] -- Using all available rosidl_typesupport_cpp: rosidl_typesupport_fastrtps_cpp;rosidl_typesupport_introspection_cpp
[0.480s] -- Found rmw_implementation_cmake: 6.1.1 (/opt/ros/humble/share/rmw_implementation_cmake/cmake)
[0.480s] -- Found rmw_fastrtps_cpp: 6.2.4 (/opt/ros/humble/share/rmw_fastrtps_cpp/cmake)
[0.506s] -- Found OpenSSL: /usr/lib/x86_64-linux-gnu/libcrypto.so (found version "3.0.2")  
[0.528s] -- Found FastRTPS: /opt/ros/humble/include  
[0.560s] -- Using RMW implementation 'rmw_fastrtps_cpp' as default
[0.567s] -- Performing Test CMAKE_HAVE_LIBC_PTHREAD
[0.669s] -- Performing Test CMAKE_HAVE_LIBC_PTHREAD - Success
[0.670s] -- Found Threads: TRUE  
[0.778s] -- Found rclpy: 3.3.10 (/opt/ros/humble/share/rclpy/cmake)
[0.779s] -- Found rosidl_default_generators: 1.2.0 (/opt/ros/humble/share/rosidl_default_generators/cmake)
[0.786s] -- Found ament_lint_auto: 0.12.8 (/opt/ros/humble/share/ament_lint_auto/cmake)
[0.848s] -- Added test 'flake8' to check Python code syntax and style conventions
[0.848s] -- Added test 'lint_cmake' to check CMake code style
[0.849s] -- Added test 'pep257' to check Python code against some of the docstring style conventions in PEP 257
[0.850s] -- Added test 'xmllint' to check XML markup files
[0.851s] -- Configuring done
[0.854s] -- Generating done
[0.856s] -- Build files have been written to: /home/aarjan/minor_ros/build/car_body
[0.867s] Invoked command in '/home/aarjan/minor_ros/build/car_body' returned '0': CMAKE_PREFIX_PATH=${CMAKE_PREFIX_PATH}:/opt/ros/humble /usr/bin/cmake --build /home/aarjan/minor_ros/build/car_body -- -j12 -l12
[0.881s] Invoking command in '/home/aarjan/minor_ros/build/car_body': CMAKE_PREFIX_PATH=${CMAKE_PREFIX_PATH}:/opt/ros/humble /usr/bin/cmake --install /home/aarjan/minor_ros/build/car_body
[0.883s] -- Install configuration: ""
[0.883s] -- Up-to-date: /home/aarjan/minor_ros/install/car_body/share/car_body/description
[0.883s] -- Up-to-date: /home/aarjan/minor_ros/install/car_body/share/car_body/description/color.urdf.xacro
[0.883s] -- Up-to-date: /home/aarjan/minor_ros/install/car_body/share/car_body/description/car.urdf.xacro
[0.883s] -- Up-to-date: /home/aarjan/minor_ros/install/car_body/share/car_body/launch
[0.883s] -- Up-to-date: /home/aarjan/minor_ros/install/car_body/share/car_body/launch/car.launch.py
[0.883s] -- Up-to-date: /home/aarjan/minor_ros/install/car_body/share/ament_index/resource_index/package_run_dependencies/car_body
[0.883s] -- Up-to-date: /home/aarjan/minor_ros/install/car_body/share/ament_index/resource_index/parent_prefix_path/car_body
[0.883s] -- Up-to-date: /home/aarjan/minor_ros/install/car_body/share/car_body/environment/ament_prefix_path.sh
[0.883s] -- Installing: /home/aarjan/minor_ros/install/car_body/share/car_body/environment/ament_prefix_path.dsv
[0.883s] -- Up-to-date: /home/aarjan/minor_ros/install/car_body/share/car_body/environment/path.sh
[0.883s] -- Installing: /home/aarjan/minor_ros/install/car_body/share/car_body/environment/path.dsv
[0.883s] -- Up-to-date: /home/aarjan/minor_ros/install/car_body/share/car_body/local_setup.bash
[0.883s] -- Up-to-date: /home/aarjan/minor_ros/install/car_body/share/car_body/local_setup.sh
[0.883s] -- Up-to-date: /home/aarjan/minor_ros/install/car_body/share/car_body/local_setup.zsh
[0.884s] -- Installing: /home/aarjan/minor_ros/install/car_body/share/car_body/local_setup.dsv
[0.884s] -- Installing: /home/aarjan/minor_ros/install/car_body/share/car_body/package.dsv
[0.884s] -- Up-to-date: /home/aarjan/minor_ros/install/car_body/share/ament_index/resource_index/packages/car_body
[0.884s] -- Up-to-date: /home/aarjan/minor_ros/install/car_body/share/car_body/cmake/car_bodyConfig.cmake
[0.884s] -- Up-to-date: /home/aarjan/minor_ros/install/car_body/share/car_body/cmake/car_bodyConfig-version.cmake
[0.884s] -- Up-to-date: /home/aarjan/minor_ros/install/car_body/share/car_body/package.xml
[0.885s] Invoked command in '/home/aarjan/minor_ros/build/car_body' returned '0': CMAKE_PREFIX_PATH=${CMAKE_PREFIX_PATH}:/opt/ros/humble /usr/bin/cmake --install /home/aarjan/minor_ros/build/car_body
