[0.789s] Invoking command in '/home/aarjan/minor_ros/src/pubsub': PYTHONPATH=/home/aarjan/minor_ros/build/pubsub/prefix_override:/home/aarjan/minor_ros/install/pubsub/lib/python3.10/site-packages:${PYTHONPATH} /usr/bin/python3 setup.py egg_info --egg-base ../../build/pubsub build --build-base /home/aarjan/minor_ros/build/pubsub/build install --record /home/aarjan/minor_ros/build/pubsub/install.log --single-version-externally-managed
[0.999s] running egg_info
[0.999s] writing ../../build/pubsub/pubsub.egg-info/PKG-INFO
[0.999s] writing dependency_links to ../../build/pubsub/pubsub.egg-info/dependency_links.txt
[0.999s] writing entry points to ../../build/pubsub/pubsub.egg-info/entry_points.txt
[0.999s] writing requirements to ../../build/pubsub/pubsub.egg-info/requires.txt
[0.999s] writing top-level names to ../../build/pubsub/pubsub.egg-info/top_level.txt
[1.001s] reading manifest file '../../build/pubsub/pubsub.egg-info/SOURCES.txt'
[1.001s] writing manifest file '../../build/pubsub/pubsub.egg-info/SOURCES.txt'
[1.001s] running build
[1.002s] running build_py
[1.002s] copying pubsub/vel_subscriber.py -> /home/aarjan/minor_ros/build/pubsub/build/lib/pubsub
[1.002s] running install
[1.002s] running install_lib
[1.002s] copying /home/aarjan/minor_ros/build/pubsub/build/lib/pubsub/vel_subscriber.py -> /home/aarjan/minor_ros/install/pubsub/lib/python3.10/site-packages/pubsub
[1.003s] byte-compiling /home/aarjan/minor_ros/install/pubsub/lib/python3.10/site-packages/pubsub/vel_subscriber.py to vel_subscriber.cpython-310.pyc
[1.003s] running install_data
[1.003s] running install_egg_info
[1.005s] removing '/home/aarjan/minor_ros/install/pubsub/lib/python3.10/site-packages/pubsub-0.0.0-py3.10.egg-info' (and everything under it)
[1.005s] Copying ../../build/pubsub/pubsub.egg-info to /home/aarjan/minor_ros/install/pubsub/lib/python3.10/site-packages/pubsub-0.0.0-py3.10.egg-info
[1.005s] running install_scripts
[1.022s] Installing draw_circle script to /home/aarjan/minor_ros/install/pubsub/lib/pubsub
[1.022s] Installing listener script to /home/aarjan/minor_ros/install/pubsub/lib/pubsub
[1.022s] Installing talker script to /home/aarjan/minor_ros/install/pubsub/lib/pubsub
[1.022s] Installing test_node script to /home/aarjan/minor_ros/install/pubsub/lib/pubsub
[1.022s] Installing turtle_controller script to /home/aarjan/minor_ros/install/pubsub/lib/pubsub
[1.022s] writing list of installed files to '/home/aarjan/minor_ros/build/pubsub/install.log'
[1.041s] Invoked command in '/home/aarjan/minor_ros/src/pubsub' returned '0': PYTHONPATH=/home/aarjan/minor_ros/build/pubsub/prefix_override:/home/aarjan/minor_ros/install/pubsub/lib/python3.10/site-packages:${PYTHONPATH} /usr/bin/python3 setup.py egg_info --egg-base ../../build/pubsub build --build-base /home/aarjan/minor_ros/build/pubsub/build install --record /home/aarjan/minor_ros/build/pubsub/install.log --single-version-externally-managed
