[0.650s] Invoking command in '/home/aarjan/minor_ros/src/pubsub': PYTHONPATH=/home/aarjan/minor_ros/build/pubsub/prefix_override:/home/aarjan/minor_ros/install/pubsub/lib/python3.10/site-packages:${PYTHONPATH} /usr/bin/python3 setup.py egg_info --egg-base ../../build/pubsub build --build-base /home/aarjan/minor_ros/build/pubsub/build install --record /home/aarjan/minor_ros/build/pubsub/install.log --single-version-externally-managed
[0.858s] running egg_info
[0.858s] writing ../../build/pubsub/pubsub.egg-info/PKG-INFO
[0.858s] writing dependency_links to ../../build/pubsub/pubsub.egg-info/dependency_links.txt
[0.859s] writing entry points to ../../build/pubsub/pubsub.egg-info/entry_points.txt
[0.859s] writing requirements to ../../build/pubsub/pubsub.egg-info/requires.txt
[0.859s] writing top-level names to ../../build/pubsub/pubsub.egg-info/top_level.txt
[0.860s] reading manifest file '../../build/pubsub/pubsub.egg-info/SOURCES.txt'
[0.861s] writing manifest file '../../build/pubsub/pubsub.egg-info/SOURCES.txt'
[0.861s] running build
[0.861s] running build_py
[0.861s] running install
[0.861s] running install_lib
[0.862s] running install_data
[0.863s] running install_egg_info
[0.864s] removing '/home/aarjan/minor_ros/install/pubsub/lib/python3.10/site-packages/pubsub-0.0.0-py3.10.egg-info' (and everything under it)
[0.864s] Copying ../../build/pubsub/pubsub.egg-info to /home/aarjan/minor_ros/install/pubsub/lib/python3.10/site-packages/pubsub-0.0.0-py3.10.egg-info
[0.864s] running install_scripts
[0.878s] Installing draw_circle script to /home/aarjan/minor_ros/install/pubsub/lib/pubsub
[0.878s] Installing listener script to /home/aarjan/minor_ros/install/pubsub/lib/pubsub
[0.878s] Installing motor_vel script to /home/aarjan/minor_ros/install/pubsub/lib/pubsub
[0.879s] Installing talker script to /home/aarjan/minor_ros/install/pubsub/lib/pubsub
[0.879s] Installing test_node script to /home/aarjan/minor_ros/install/pubsub/lib/pubsub
[0.879s] Installing turtle_controller script to /home/aarjan/minor_ros/install/pubsub/lib/pubsub
[0.879s] writing list of installed files to '/home/aarjan/minor_ros/build/pubsub/install.log'
[0.900s] Invoked command in '/home/aarjan/minor_ros/src/pubsub' returned '0': PYTHONPATH=/home/aarjan/minor_ros/build/pubsub/prefix_override:/home/aarjan/minor_ros/install/pubsub/lib/python3.10/site-packages:${PYTHONPATH} /usr/bin/python3 setup.py egg_info --egg-base ../../build/pubsub build --build-base /home/aarjan/minor_ros/build/pubsub/build install --record /home/aarjan/minor_ros/build/pubsub/install.log --single-version-externally-managed
