[1.014s] DEBUG:colcon:Command line arguments: ['/usr/bin/colcon', 'build']
[1.014s] DEBUG:colcon:Parsed command line arguments: Namespace(log_base=None, log_level=None, verb_name='build', build_base='build', install_base='install', merge_install=False, symlink_install=False, test_result_base=None, continue_on_error=False, executor='parallel', parallel_workers=12, event_handlers=None, ignore_user_meta=False, metas=['./colcon.meta'], base_paths=['.'], packages_ignore=None, packages_ignore_regex=None, paths=None, packages_up_to=None, packages_up_to_regex=None, packages_above=None, packages_above_and_dependencies=None, packages_above_depth=None, packages_select_by_dep=None, packages_skip_by_dep=None, packages_skip_up_to=None, packages_select_build_failed=False, packages_skip_build_finished=False, packages_select_test_failures=False, packages_skip_test_passed=False, packages_select=None, packages_skip=None, packages_select_regex=None, packages_skip_regex=None, packages_start=None, packages_end=None, allow_overriding=[], cmake_args=None, cmake_target=None, cmake_target_skip_unavailable=False, cmake_clean_cache=False, cmake_clean_first=False, cmake_force_configure=False, ament_cmake_args=None, catkin_cmake_args=None, catkin_skip_building_tests=False, verb_parser=<colcon_defaults.argument_parser.defaults.DefaultArgumentsDecorator object at 0x7fa5d275bc40>, verb_extension=<colcon_core.verb.build.BuildVerb object at 0x7fa5d275a590>, main=<bound method BuildVerb.main of <colcon_core.verb.build.BuildVerb object at 0x7fa5d275a590>>)
[1.049s] Level 1:colcon.colcon_core.package_discovery:discover_packages(colcon_meta) check parameters
[1.049s] Level 1:colcon.colcon_core.package_discovery:discover_packages(recursive) check parameters
[1.049s] Level 1:colcon.colcon_core.package_discovery:discover_packages(ignore) check parameters
[1.049s] Level 1:colcon.colcon_core.package_discovery:discover_packages(path) check parameters
[1.049s] Level 1:colcon.colcon_core.package_discovery:discover_packages(colcon_meta) discover
[1.049s] Level 1:colcon.colcon_core.package_discovery:discover_packages(recursive) discover
[1.049s] INFO:colcon.colcon_core.package_discovery:Crawling recursively for packages in '/home/aarjan/minor_ros'
[1.049s] Level 1:colcon.colcon_core.package_identification:_identify(.) by extensions ['ignore', 'ignore_ament_install']
[1.049s] Level 1:colcon.colcon_core.package_identification:_identify(.) by extension 'ignore'
[1.049s] Level 1:colcon.colcon_core.package_identification:_identify(.) by extension 'ignore_ament_install'
[1.049s] Level 1:colcon.colcon_core.package_identification:_identify(.) by extensions ['colcon_pkg']
[1.049s] Level 1:colcon.colcon_core.package_identification:_identify(.) by extension 'colcon_pkg'
[1.049s] Level 1:colcon.colcon_core.package_identification:_identify(.) by extensions ['colcon_meta']
[1.049s] Level 1:colcon.colcon_core.package_identification:_identify(.) by extension 'colcon_meta'
[1.049s] Level 1:colcon.colcon_core.package_identification:_identify(.) by extensions ['ros']
[1.049s] Level 1:colcon.colcon_core.package_identification:_identify(.) by extension 'ros'
[1.063s] Level 1:colcon.colcon_core.package_identification:_identify(.) by extensions ['cmake', 'python']
[1.063s] Level 1:colcon.colcon_core.package_identification:_identify(.) by extension 'cmake'
[1.063s] Level 1:colcon.colcon_core.package_identification:_identify(.) by extension 'python'
[1.063s] Level 1:colcon.colcon_core.package_identification:_identify(.) by extensions ['python_setup_py']
[1.063s] Level 1:colcon.colcon_core.package_identification:_identify(.) by extension 'python_setup_py'
[1.063s] Level 1:colcon.colcon_core.package_identification:_identify(build) by extensions ['ignore', 'ignore_ament_install']
[1.063s] Level 1:colcon.colcon_core.package_identification:_identify(build) by extension 'ignore'
[1.063s] Level 1:colcon.colcon_core.package_identification:_identify(build) ignored
[1.063s] Level 1:colcon.colcon_core.package_identification:_identify(install) by extensions ['ignore', 'ignore_ament_install']
[1.063s] Level 1:colcon.colcon_core.package_identification:_identify(install) by extension 'ignore'
[1.064s] Level 1:colcon.colcon_core.package_identification:_identify(install) ignored
[1.064s] Level 1:colcon.colcon_core.package_identification:_identify(log) by extensions ['ignore', 'ignore_ament_install']
[1.064s] Level 1:colcon.colcon_core.package_identification:_identify(log) by extension 'ignore'
[1.064s] Level 1:colcon.colcon_core.package_identification:_identify(log) ignored
[1.064s] Level 1:colcon.colcon_core.package_identification:_identify(src) by extensions ['ignore', 'ignore_ament_install']
[1.064s] Level 1:colcon.colcon_core.package_identification:_identify(src) by extension 'ignore'
[1.064s] Level 1:colcon.colcon_core.package_identification:_identify(src) by extension 'ignore_ament_install'
[1.064s] Level 1:colcon.colcon_core.package_identification:_identify(src) by extensions ['colcon_pkg']
[1.064s] Level 1:colcon.colcon_core.package_identification:_identify(src) by extension 'colcon_pkg'
[1.064s] Level 1:colcon.colcon_core.package_identification:_identify(src) by extensions ['colcon_meta']
[1.064s] Level 1:colcon.colcon_core.package_identification:_identify(src) by extension 'colcon_meta'
[1.064s] Level 1:colcon.colcon_core.package_identification:_identify(src) by extensions ['ros']
[1.064s] Level 1:colcon.colcon_core.package_identification:_identify(src) by extension 'ros'
[1.064s] Level 1:colcon.colcon_core.package_identification:_identify(src) by extensions ['cmake', 'python']
[1.064s] Level 1:colcon.colcon_core.package_identification:_identify(src) by extension 'cmake'
[1.064s] Level 1:colcon.colcon_core.package_identification:_identify(src) by extension 'python'
[1.064s] Level 1:colcon.colcon_core.package_identification:_identify(src) by extensions ['python_setup_py']
[1.064s] Level 1:colcon.colcon_core.package_identification:_identify(src) by extension 'python_setup_py'
[1.064s] Level 1:colcon.colcon_core.package_identification:_identify(src/car_body) by extensions ['ignore', 'ignore_ament_install']
[1.064s] Level 1:colcon.colcon_core.package_identification:_identify(src/car_body) by extension 'ignore'
[1.064s] Level 1:colcon.colcon_core.package_identification:_identify(src/car_body) by extension 'ignore_ament_install'
[1.064s] Level 1:colcon.colcon_core.package_identification:_identify(src/car_body) by extensions ['colcon_pkg']
[1.064s] Level 1:colcon.colcon_core.package_identification:_identify(src/car_body) by extension 'colcon_pkg'
[1.064s] Level 1:colcon.colcon_core.package_identification:_identify(src/car_body) by extensions ['colcon_meta']
[1.064s] Level 1:colcon.colcon_core.package_identification:_identify(src/car_body) by extension 'colcon_meta'
[1.064s] Level 1:colcon.colcon_core.package_identification:_identify(src/car_body) by extensions ['ros']
[1.064s] Level 1:colcon.colcon_core.package_identification:_identify(src/car_body) by extension 'ros'
[1.066s] DEBUG:colcon.colcon_core.package_identification:Package 'src/car_body' with type 'ros.ament_cmake' and name 'car_body'
[1.066s] Level 1:colcon.colcon_core.package_identification:_identify(src/car_urdf) by extensions ['ignore', 'ignore_ament_install']
[1.066s] Level 1:colcon.colcon_core.package_identification:_identify(src/car_urdf) by extension 'ignore'
[1.066s] Level 1:colcon.colcon_core.package_identification:_identify(src/car_urdf) by extension 'ignore_ament_install'
[1.066s] Level 1:colcon.colcon_core.package_identification:_identify(src/car_urdf) by extensions ['colcon_pkg']
[1.066s] Level 1:colcon.colcon_core.package_identification:_identify(src/car_urdf) by extension 'colcon_pkg'
[1.066s] Level 1:colcon.colcon_core.package_identification:_identify(src/car_urdf) by extensions ['colcon_meta']
[1.066s] Level 1:colcon.colcon_core.package_identification:_identify(src/car_urdf) by extension 'colcon_meta'
[1.066s] Level 1:colcon.colcon_core.package_identification:_identify(src/car_urdf) by extensions ['ros']
[1.066s] Level 1:colcon.colcon_core.package_identification:_identify(src/car_urdf) by extension 'ros'
[1.066s] DEBUG:colcon.colcon_core.package_identification:Package 'src/car_urdf' with type 'ros.ament_python' and name 'car_urdf'
[1.067s] Level 1:colcon.colcon_core.package_identification:_identify(src/pubsub) by extensions ['ignore', 'ignore_ament_install']
[1.067s] Level 1:colcon.colcon_core.package_identification:_identify(src/pubsub) by extension 'ignore'
[1.067s] Level 1:colcon.colcon_core.package_identification:_identify(src/pubsub) by extension 'ignore_ament_install'
[1.067s] Level 1:colcon.colcon_core.package_identification:_identify(src/pubsub) by extensions ['colcon_pkg']
[1.067s] Level 1:colcon.colcon_core.package_identification:_identify(src/pubsub) by extension 'colcon_pkg'
[1.067s] Level 1:colcon.colcon_core.package_identification:_identify(src/pubsub) by extensions ['colcon_meta']
[1.067s] Level 1:colcon.colcon_core.package_identification:_identify(src/pubsub) by extension 'colcon_meta'
[1.067s] Level 1:colcon.colcon_core.package_identification:_identify(src/pubsub) by extensions ['ros']
[1.067s] Level 1:colcon.colcon_core.package_identification:_identify(src/pubsub) by extension 'ros'
[1.067s] DEBUG:colcon.colcon_core.package_identification:Package 'src/pubsub' with type 'ros.ament_python' and name 'pubsub'
[1.067s] Level 1:colcon.colcon_core.package_discovery:discover_packages(recursive) using defaults
[1.067s] Level 1:colcon.colcon_core.package_discovery:discover_packages(ignore) discover
[1.067s] Level 1:colcon.colcon_core.package_discovery:discover_packages(ignore) using defaults
[1.067s] Level 1:colcon.colcon_core.package_discovery:discover_packages(path) discover
[1.067s] Level 1:colcon.colcon_core.package_discovery:discover_packages(path) using defaults
[1.141s] Level 1:colcon.colcon_core.package_discovery:discover_packages(prefix_path) check parameters
[1.141s] Level 1:colcon.colcon_core.package_discovery:discover_packages(prefix_path) discover
[1.167s] DEBUG:colcon.colcon_installed_package_information.package_discovery:Found 3 installed packages in /home/aarjan/minor_ros/install
[1.179s] DEBUG:colcon.colcon_installed_package_information.package_discovery:Found 1 installed packages in /home/aarjan/ros/dev_ws/install
[1.193s] DEBUG:colcon.colcon_installed_package_information.package_discovery:Found 434 installed packages in /opt/ros/humble
[1.194s] Level 1:colcon.colcon_core.package_discovery:discover_packages(prefix_path) using defaults
[1.280s] Level 5:colcon.colcon_core.verb:set package 'car_body' build argument 'cmake_args' from command line to 'None'
[1.280s] Level 5:colcon.colcon_core.verb:set package 'car_body' build argument 'cmake_target' from command line to 'None'
[1.280s] Level 5:colcon.colcon_core.verb:set package 'car_body' build argument 'cmake_target_skip_unavailable' from command line to 'False'
[1.280s] Level 5:colcon.colcon_core.verb:set package 'car_body' build argument 'cmake_clean_cache' from command line to 'False'
[1.280s] Level 5:colcon.colcon_core.verb:set package 'car_body' build argument 'cmake_clean_first' from command line to 'False'
[1.280s] Level 5:colcon.colcon_core.verb:set package 'car_body' build argument 'cmake_force_configure' from command line to 'False'
[1.281s] Level 5:colcon.colcon_core.verb:set package 'car_body' build argument 'ament_cmake_args' from command line to 'None'
[1.281s] Level 5:colcon.colcon_core.verb:set package 'car_body' build argument 'catkin_cmake_args' from command line to 'None'
[1.281s] Level 5:colcon.colcon_core.verb:set package 'car_body' build argument 'catkin_skip_building_tests' from command line to 'False'
[1.281s] DEBUG:colcon.colcon_core.verb:Building package 'car_body' with the following arguments: {'ament_cmake_args': None, 'build_base': '/home/aarjan/minor_ros/build/car_body', 'catkin_cmake_args': None, 'catkin_skip_building_tests': False, 'cmake_args': None, 'cmake_clean_cache': False, 'cmake_clean_first': False, 'cmake_force_configure': False, 'cmake_target': None, 'cmake_target_skip_unavailable': False, 'install_base': '/home/aarjan/minor_ros/install/car_body', 'merge_install': False, 'path': '/home/aarjan/minor_ros/src/car_body', 'symlink_install': False, 'test_result_base': None}
[1.293s] Level 5:colcon.colcon_core.verb:set package 'car_urdf' build argument 'cmake_args' from command line to 'None'
[1.293s] Level 5:colcon.colcon_core.verb:set package 'car_urdf' build argument 'cmake_target' from command line to 'None'
[1.293s] Level 5:colcon.colcon_core.verb:set package 'car_urdf' build argument 'cmake_target_skip_unavailable' from command line to 'False'
[1.293s] Level 5:colcon.colcon_core.verb:set package 'car_urdf' build argument 'cmake_clean_cache' from command line to 'False'
[1.293s] Level 5:colcon.colcon_core.verb:set package 'car_urdf' build argument 'cmake_clean_first' from command line to 'False'
[1.293s] Level 5:colcon.colcon_core.verb:set package 'car_urdf' build argument 'cmake_force_configure' from command line to 'False'
[1.293s] Level 5:colcon.colcon_core.verb:set package 'car_urdf' build argument 'ament_cmake_args' from command line to 'None'
[1.293s] Level 5:colcon.colcon_core.verb:set package 'car_urdf' build argument 'catkin_cmake_args' from command line to 'None'
[1.293s] Level 5:colcon.colcon_core.verb:set package 'car_urdf' build argument 'catkin_skip_building_tests' from command line to 'False'
[1.293s] DEBUG:colcon.colcon_core.verb:Building package 'car_urdf' with the following arguments: {'ament_cmake_args': None, 'build_base': '/home/aarjan/minor_ros/build/car_urdf', 'catkin_cmake_args': None, 'catkin_skip_building_tests': False, 'cmake_args': None, 'cmake_clean_cache': False, 'cmake_clean_first': False, 'cmake_force_configure': False, 'cmake_target': None, 'cmake_target_skip_unavailable': False, 'install_base': '/home/aarjan/minor_ros/install/car_urdf', 'merge_install': False, 'path': '/home/aarjan/minor_ros/src/car_urdf', 'symlink_install': False, 'test_result_base': None}
[1.306s] Level 5:colcon.colcon_core.verb:set package 'pubsub' build argument 'cmake_args' from command line to 'None'
[1.306s] Level 5:colcon.colcon_core.verb:set package 'pubsub' build argument 'cmake_target' from command line to 'None'
[1.306s] Level 5:colcon.colcon_core.verb:set package 'pubsub' build argument 'cmake_target_skip_unavailable' from command line to 'False'
[1.306s] Level 5:colcon.colcon_core.verb:set package 'pubsub' build argument 'cmake_clean_cache' from command line to 'False'
[1.306s] Level 5:colcon.colcon_core.verb:set package 'pubsub' build argument 'cmake_clean_first' from command line to 'False'
[1.306s] Level 5:colcon.colcon_core.verb:set package 'pubsub' build argument 'cmake_force_configure' from command line to 'False'
[1.306s] Level 5:colcon.colcon_core.verb:set package 'pubsub' build argument 'ament_cmake_args' from command line to 'None'
[1.306s] Level 5:colcon.colcon_core.verb:set package 'pubsub' build argument 'catkin_cmake_args' from command line to 'None'
[1.306s] Level 5:colcon.colcon_core.verb:set package 'pubsub' build argument 'catkin_skip_building_tests' from command line to 'False'
[1.307s] DEBUG:colcon.colcon_core.verb:Building package 'pubsub' with the following arguments: {'ament_cmake_args': None, 'build_base': '/home/aarjan/minor_ros/build/pubsub', 'catkin_cmake_args': None, 'catkin_skip_building_tests': False, 'cmake_args': None, 'cmake_clean_cache': False, 'cmake_clean_first': False, 'cmake_force_configure': False, 'cmake_target': None, 'cmake_target_skip_unavailable': False, 'install_base': '/home/aarjan/minor_ros/install/pubsub', 'merge_install': False, 'path': '/home/aarjan/minor_ros/src/pubsub', 'symlink_install': False, 'test_result_base': None}
[1.320s] INFO:colcon.colcon_core.executor:Executing jobs using 'parallel' executor
[1.333s] DEBUG:colcon.colcon_parallel_executor.executor.parallel:run_until_complete
[1.333s] INFO:colcon.colcon_ros.task.ament_cmake.build:Building ROS package in '/home/aarjan/minor_ros/src/car_body' with build type 'ament_cmake'
[1.333s] INFO:colcon.colcon_cmake.task.cmake.build:Building CMake package in '/home/aarjan/minor_ros/src/car_body'
[1.347s] INFO:colcon.colcon_core.plugin_system:Skipping extension 'colcon_core.shell.bat': Not used on non-Windows systems
[1.347s] INFO:colcon.colcon_core.shell:Skip shell extension 'powershell' for command environment: Not usable outside of PowerShell
[1.347s] DEBUG:colcon.colcon_core.shell:Skip shell extension 'dsv' for command environment
[1.405s] INFO:colcon.colcon_ros.task.ament_python.build:Building ROS package in '/home/aarjan/minor_ros/src/car_urdf' with build type 'ament_python'
[1.405s] Level 1:colcon.colcon_core.shell:create_environment_hook('car_urdf', 'ament_prefix_path')
[1.418s] INFO:colcon.colcon_core.shell:Creating environment hook '/home/aarjan/minor_ros/install/car_urdf/share/car_urdf/hook/ament_prefix_path.ps1'
[1.419s] INFO:colcon.colcon_core.shell:Creating environment descriptor '/home/aarjan/minor_ros/install/car_urdf/share/car_urdf/hook/ament_prefix_path.dsv'
[1.419s] INFO:colcon.colcon_core.shell:Creating environment hook '/home/aarjan/minor_ros/install/car_urdf/share/car_urdf/hook/ament_prefix_path.sh'
[1.434s] INFO:colcon.colcon_core.shell:Skip shell extension 'powershell' for command environment: Not usable outside of PowerShell
[1.434s] DEBUG:colcon.colcon_core.shell:Skip shell extension 'dsv' for command environment
[1.503s] INFO:colcon.colcon_ros.task.ament_python.build:Building ROS package in '/home/aarjan/minor_ros/src/pubsub' with build type 'ament_python'
[1.503s] Level 1:colcon.colcon_core.shell:create_environment_hook('pubsub', 'ament_prefix_path')
[1.516s] INFO:colcon.colcon_core.shell:Creating environment hook '/home/aarjan/minor_ros/install/pubsub/share/pubsub/hook/ament_prefix_path.ps1'
[1.516s] INFO:colcon.colcon_core.shell:Creating environment descriptor '/home/aarjan/minor_ros/install/pubsub/share/pubsub/hook/ament_prefix_path.dsv'
[1.516s] INFO:colcon.colcon_core.shell:Creating environment hook '/home/aarjan/minor_ros/install/pubsub/share/pubsub/hook/ament_prefix_path.sh'
[1.538s] INFO:colcon.colcon_core.shell:Skip shell extension 'powershell' for command environment: Not usable outside of PowerShell
[1.538s] DEBUG:colcon.colcon_core.shell:Skip shell extension 'dsv' for command environment
[1.599s] DEBUG:colcon.colcon_core.event_handler.log_command:Invoking command in '/home/aarjan/minor_ros/build/car_body': CMAKE_PREFIX_PATH=${CMAKE_PREFIX_PATH}:/home/aarjan/minor_ros/install/pubsub:/home/aarjan/minor_ros/install/car_urdf:/opt/ros/humble /usr/bin/cmake --build /home/aarjan/minor_ros/build/car_body -- -j12 -l12
[1.833s] INFO:colcon.colcon_core.task.python.build:Building Python package in '/home/aarjan/minor_ros/src/car_urdf'
[1.846s] INFO:colcon.colcon_core.shell:Skip shell extension 'powershell' for command environment: Not usable outside of PowerShell
[1.846s] DEBUG:colcon.colcon_core.shell:Skip shell extension 'dsv' for command environment
[2.140s] INFO:colcon.colcon_core.task.python.build:Building Python package in '/home/aarjan/minor_ros/src/pubsub'
[2.153s] INFO:colcon.colcon_core.shell:Skip shell extension 'powershell' for command environment: Not usable outside of PowerShell
[2.153s] DEBUG:colcon.colcon_core.shell:Skip shell extension 'dsv' for command environment
[2.210s] DEBUG:colcon.colcon_core.event_handler.log_command:Invoked command in '/home/aarjan/minor_ros/build/car_body' returned '0': CMAKE_PREFIX_PATH=${CMAKE_PREFIX_PATH}:/home/aarjan/minor_ros/install/pubsub:/home/aarjan/minor_ros/install/car_urdf:/opt/ros/humble /usr/bin/cmake --build /home/aarjan/minor_ros/build/car_body -- -j12 -l12
[2.224s] DEBUG:colcon.colcon_core.event_handler.log_command:Invoking command in '/home/aarjan/minor_ros/build/car_body': CMAKE_PREFIX_PATH=${CMAKE_PREFIX_PATH}:/home/aarjan/minor_ros/install/pubsub:/home/aarjan/minor_ros/install/car_urdf:/opt/ros/humble /usr/bin/cmake --install /home/aarjan/minor_ros/build/car_body
[2.228s] Level 1:colcon.colcon_core.environment:create_environment_scripts_only(car_body)
[2.229s] DEBUG:colcon.colcon_core.event_handler.log_command:Invoked command in '/home/aarjan/minor_ros/build/car_body' returned '0': CMAKE_PREFIX_PATH=${CMAKE_PREFIX_PATH}:/home/aarjan/minor_ros/install/pubsub:/home/aarjan/minor_ros/install/car_urdf:/opt/ros/humble /usr/bin/cmake --install /home/aarjan/minor_ros/build/car_body
[2.246s] Level 1:colcon.colcon_core.environment:checking '/home/aarjan/minor_ros/install/car_body' for CMake module files
[2.246s] Level 1:colcon.colcon_core.environment:checking '/home/aarjan/minor_ros/install/car_body' for CMake config files
[2.246s] Level 1:colcon.colcon_core.shell:create_environment_hook('car_body', 'cmake_prefix_path')
[2.261s] INFO:colcon.colcon_core.shell:Creating environment hook '/home/aarjan/minor_ros/install/car_body/share/car_body/hook/cmake_prefix_path.ps1'
[2.261s] INFO:colcon.colcon_core.shell:Creating environment descriptor '/home/aarjan/minor_ros/install/car_body/share/car_body/hook/cmake_prefix_path.dsv'
[2.262s] INFO:colcon.colcon_core.shell:Creating environment hook '/home/aarjan/minor_ros/install/car_body/share/car_body/hook/cmake_prefix_path.sh'
[2.262s] Level 1:colcon.colcon_core.environment:checking '/home/aarjan/minor_ros/install/car_body/bin'
[2.262s] Level 1:colcon.colcon_core.environment:checking '/home/aarjan/minor_ros/install/car_body/lib/pkgconfig/car_body.pc'
[2.262s] Level 1:colcon.colcon_core.environment:checking '/home/aarjan/minor_ros/install/car_body/lib/python3.10/site-packages'
[2.263s] Level 1:colcon.colcon_core.environment:checking '/home/aarjan/minor_ros/install/car_body/bin'
[2.276s] INFO:colcon.colcon_core.shell:Creating package script '/home/aarjan/minor_ros/install/car_body/share/car_body/package.ps1'
[2.276s] INFO:colcon.colcon_core.shell:Creating package descriptor '/home/aarjan/minor_ros/install/car_body/share/car_body/package.dsv'
[2.277s] INFO:colcon.colcon_core.shell:Creating package script '/home/aarjan/minor_ros/install/car_body/share/car_body/package.sh'
[2.277s] INFO:colcon.colcon_core.shell:Creating package script '/home/aarjan/minor_ros/install/car_body/share/car_body/package.bash'
[2.278s] INFO:colcon.colcon_core.shell:Creating package script '/home/aarjan/minor_ros/install/car_body/share/car_body/package.zsh'
[2.278s] Level 1:colcon.colcon_core.environment:create_file_with_runtime_dependencies(/home/aarjan/minor_ros/install/car_body/share/colcon-core/packages/car_body)
[2.301s] Level 1:colcon.colcon_core.environment:create_environment_scripts_only(car_body)
[2.313s] Level 1:colcon.colcon_core.environment:checking '/home/aarjan/minor_ros/install/car_body' for CMake module files
[2.314s] Level 1:colcon.colcon_core.environment:checking '/home/aarjan/minor_ros/install/car_body' for CMake config files
[2.314s] Level 1:colcon.colcon_core.shell:create_environment_hook('car_body', 'cmake_prefix_path')
[2.326s] INFO:colcon.colcon_core.shell:Creating environment hook '/home/aarjan/minor_ros/install/car_body/share/car_body/hook/cmake_prefix_path.ps1'
[2.326s] INFO:colcon.colcon_core.shell:Creating environment descriptor '/home/aarjan/minor_ros/install/car_body/share/car_body/hook/cmake_prefix_path.dsv'
[2.326s] INFO:colcon.colcon_core.shell:Creating environment hook '/home/aarjan/minor_ros/install/car_body/share/car_body/hook/cmake_prefix_path.sh'
[2.327s] Level 1:colcon.colcon_core.environment:checking '/home/aarjan/minor_ros/install/car_body/bin'
[2.327s] Level 1:colcon.colcon_core.environment:checking '/home/aarjan/minor_ros/install/car_body/lib/pkgconfig/car_body.pc'
[2.327s] Level 1:colcon.colcon_core.environment:checking '/home/aarjan/minor_ros/install/car_body/lib/python3.10/site-packages'
[2.327s] Level 1:colcon.colcon_core.environment:checking '/home/aarjan/minor_ros/install/car_body/bin'
[2.340s] INFO:colcon.colcon_core.shell:Creating package script '/home/aarjan/minor_ros/install/car_body/share/car_body/package.ps1'
[2.340s] INFO:colcon.colcon_core.shell:Creating package descriptor '/home/aarjan/minor_ros/install/car_body/share/car_body/package.dsv'
[2.340s] INFO:colcon.colcon_core.shell:Creating package script '/home/aarjan/minor_ros/install/car_body/share/car_body/package.sh'
[2.341s] INFO:colcon.colcon_core.shell:Creating package script '/home/aarjan/minor_ros/install/car_body/share/car_body/package.bash'
[2.341s] INFO:colcon.colcon_core.shell:Creating package script '/home/aarjan/minor_ros/install/car_body/share/car_body/package.zsh'
[2.341s] Level 1:colcon.colcon_core.environment:create_file_with_runtime_dependencies(/home/aarjan/minor_ros/install/car_body/share/colcon-core/packages/car_body)
[2.568s] DEBUG:colcon.colcon_core.event_handler.log_command:Invoking command in '/home/aarjan/minor_ros/src/pubsub': PYTHONPATH=/home/aarjan/minor_ros/build/pubsub/prefix_override:/home/aarjan/minor_ros/install/pubsub/lib/python3.10/site-packages:${PYTHONPATH} /usr/bin/python3 setup.py egg_info --egg-base ../../build/pubsub build --build-base /home/aarjan/minor_ros/build/pubsub/build install --record /home/aarjan/minor_ros/build/pubsub/install.log --single-version-externally-managed
[2.569s] DEBUG:colcon.colcon_core.event_handler.log_command:Invoking command in '/home/aarjan/minor_ros/src/car_urdf': PYTHONPATH=/home/aarjan/minor_ros/build/car_urdf/prefix_override:/home/aarjan/minor_ros/install/car_urdf/lib/python3.10/site-packages:${PYTHONPATH} /usr/bin/python3 setup.py egg_info --egg-base ../../build/car_urdf build --build-base /home/aarjan/minor_ros/build/car_urdf/build install --record /home/aarjan/minor_ros/build/car_urdf/install.log --single-version-externally-managed
[2.817s] DEBUG:colcon.colcon_core.event_handler.log_command:Invoked command in '/home/aarjan/minor_ros/src/pubsub' returned '0': PYTHONPATH=/home/aarjan/minor_ros/build/pubsub/prefix_override:/home/aarjan/minor_ros/install/pubsub/lib/python3.10/site-packages:${PYTHONPATH} /usr/bin/python3 setup.py egg_info --egg-base ../../build/pubsub build --build-base /home/aarjan/minor_ros/build/pubsub/build install --record /home/aarjan/minor_ros/build/pubsub/install.log --single-version-externally-managed
[2.832s] Level 1:colcon.colcon_core.environment:checking '/home/aarjan/minor_ros/install/pubsub' for CMake module files
[2.832s] Level 1:colcon.colcon_core.environment:checking '/home/aarjan/minor_ros/install/pubsub' for CMake config files
[2.832s] Level 1:colcon.colcon_core.environment:checking '/home/aarjan/minor_ros/install/pubsub/lib'
[2.832s] Level 1:colcon.colcon_core.environment:checking '/home/aarjan/minor_ros/install/pubsub/bin'
[2.832s] Level 1:colcon.colcon_core.environment:checking '/home/aarjan/minor_ros/install/pubsub/lib/pkgconfig/pubsub.pc'
[2.832s] Level 1:colcon.colcon_core.environment:checking '/home/aarjan/minor_ros/install/pubsub/lib/python3.10/site-packages'
[2.832s] Level 1:colcon.colcon_core.shell:create_environment_hook('pubsub', 'pythonpath')
[2.846s] INFO:colcon.colcon_core.shell:Creating environment hook '/home/aarjan/minor_ros/install/pubsub/share/pubsub/hook/pythonpath.ps1'
[2.846s] INFO:colcon.colcon_core.shell:Creating environment descriptor '/home/aarjan/minor_ros/install/pubsub/share/pubsub/hook/pythonpath.dsv'
[2.847s] INFO:colcon.colcon_core.shell:Creating environment hook '/home/aarjan/minor_ros/install/pubsub/share/pubsub/hook/pythonpath.sh'
[2.847s] Level 1:colcon.colcon_core.environment:checking '/home/aarjan/minor_ros/install/pubsub/bin'
[2.847s] Level 1:colcon.colcon_core.environment:create_environment_scripts_only(pubsub)
[2.860s] INFO:colcon.colcon_core.shell:Creating package script '/home/aarjan/minor_ros/install/pubsub/share/pubsub/package.ps1'
[2.861s] INFO:colcon.colcon_core.shell:Creating package descriptor '/home/aarjan/minor_ros/install/pubsub/share/pubsub/package.dsv'
[2.861s] INFO:colcon.colcon_core.shell:Creating package script '/home/aarjan/minor_ros/install/pubsub/share/pubsub/package.sh'
[2.861s] INFO:colcon.colcon_core.shell:Creating package script '/home/aarjan/minor_ros/install/pubsub/share/pubsub/package.bash'
[2.861s] INFO:colcon.colcon_core.shell:Creating package script '/home/aarjan/minor_ros/install/pubsub/share/pubsub/package.zsh'
[2.861s] Level 1:colcon.colcon_core.environment:create_file_with_runtime_dependencies(/home/aarjan/minor_ros/install/pubsub/share/colcon-core/packages/pubsub)
[2.862s] DEBUG:colcon.colcon_core.event_handler.log_command:Invoked command in '/home/aarjan/minor_ros/src/car_urdf' returned '0': PYTHONPATH=/home/aarjan/minor_ros/build/car_urdf/prefix_override:/home/aarjan/minor_ros/install/car_urdf/lib/python3.10/site-packages:${PYTHONPATH} /usr/bin/python3 setup.py egg_info --egg-base ../../build/car_urdf build --build-base /home/aarjan/minor_ros/build/car_urdf/build install --record /home/aarjan/minor_ros/build/car_urdf/install.log --single-version-externally-managed
[2.874s] Level 1:colcon.colcon_core.environment:checking '/home/aarjan/minor_ros/install/car_urdf' for CMake module files
[2.875s] Level 1:colcon.colcon_core.environment:checking '/home/aarjan/minor_ros/install/car_urdf' for CMake config files
[2.875s] Level 1:colcon.colcon_core.environment:checking '/home/aarjan/minor_ros/install/car_urdf/lib'
[2.875s] Level 1:colcon.colcon_core.environment:checking '/home/aarjan/minor_ros/install/car_urdf/bin'
[2.875s] Level 1:colcon.colcon_core.environment:checking '/home/aarjan/minor_ros/install/car_urdf/lib/pkgconfig/car_urdf.pc'
[2.875s] Level 1:colcon.colcon_core.environment:checking '/home/aarjan/minor_ros/install/car_urdf/lib/python3.10/site-packages'
[2.875s] Level 1:colcon.colcon_core.shell:create_environment_hook('car_urdf', 'pythonpath')
[2.900s] INFO:colcon.colcon_core.shell:Creating environment hook '/home/aarjan/minor_ros/install/car_urdf/share/car_urdf/hook/pythonpath.ps1'
[2.900s] INFO:colcon.colcon_core.shell:Creating environment descriptor '/home/aarjan/minor_ros/install/car_urdf/share/car_urdf/hook/pythonpath.dsv'
[2.900s] INFO:colcon.colcon_core.shell:Creating environment hook '/home/aarjan/minor_ros/install/car_urdf/share/car_urdf/hook/pythonpath.sh'
[2.901s] Level 1:colcon.colcon_core.environment:checking '/home/aarjan/minor_ros/install/car_urdf/bin'
[2.901s] Level 1:colcon.colcon_core.environment:create_environment_scripts_only(car_urdf)
[2.914s] INFO:colcon.colcon_core.shell:Creating package script '/home/aarjan/minor_ros/install/car_urdf/share/car_urdf/package.ps1'
[2.915s] INFO:colcon.colcon_core.shell:Creating package descriptor '/home/aarjan/minor_ros/install/car_urdf/share/car_urdf/package.dsv'
[2.915s] INFO:colcon.colcon_core.shell:Creating package script '/home/aarjan/minor_ros/install/car_urdf/share/car_urdf/package.sh'
[2.915s] INFO:colcon.colcon_core.shell:Creating package script '/home/aarjan/minor_ros/install/car_urdf/share/car_urdf/package.bash'
[2.915s] INFO:colcon.colcon_core.shell:Creating package script '/home/aarjan/minor_ros/install/car_urdf/share/car_urdf/package.zsh'
[2.915s] Level 1:colcon.colcon_core.environment:create_file_with_runtime_dependencies(/home/aarjan/minor_ros/install/car_urdf/share/colcon-core/packages/car_urdf)
[2.915s] DEBUG:colcon.colcon_parallel_executor.executor.parallel:closing loop
[2.916s] DEBUG:colcon.colcon_parallel_executor.executor.parallel:loop closed
[2.916s] DEBUG:colcon.colcon_parallel_executor.executor.parallel:run_until_complete finished with '0'
[2.916s] DEBUG:colcon.colcon_core.event_reactor:joining thread
[2.932s] INFO:colcon.colcon_core.plugin_system:Skipping extension 'colcon_notification.desktop_notification.terminal_notifier': Not used on non-Darwin systems
[2.932s] INFO:colcon.colcon_core.plugin_system:Skipping extension 'colcon_notification.desktop_notification.win32': Not used on non-Windows systems
[2.932s] INFO:colcon.colcon_notification.desktop_notification:Sending desktop notification using 'notify2'
[2.942s] DEBUG:colcon.colcon_core.event_reactor:joined thread
[2.959s] INFO:colcon.colcon_core.shell:Creating prefix script '/home/aarjan/minor_ros/install/local_setup.ps1'
[2.959s] INFO:colcon.colcon_core.shell:Creating prefix util module '/home/aarjan/minor_ros/install/_local_setup_util_ps1.py'
[2.960s] INFO:colcon.colcon_core.shell:Creating prefix chain script '/home/aarjan/minor_ros/install/setup.ps1'
[2.973s] INFO:colcon.colcon_core.shell:Creating prefix script '/home/aarjan/minor_ros/install/local_setup.sh'
[2.974s] INFO:colcon.colcon_core.shell:Creating prefix util module '/home/aarjan/minor_ros/install/_local_setup_util_sh.py'
[2.974s] INFO:colcon.colcon_core.shell:Creating prefix chain script '/home/aarjan/minor_ros/install/setup.sh'
[2.987s] INFO:colcon.colcon_core.shell:Creating prefix script '/home/aarjan/minor_ros/install/local_setup.bash'
[2.988s] INFO:colcon.colcon_core.shell:Creating prefix chain script '/home/aarjan/minor_ros/install/setup.bash'
[3.003s] INFO:colcon.colcon_core.shell:Creating prefix script '/home/aarjan/minor_ros/install/local_setup.zsh'
[3.004s] INFO:colcon.colcon_core.shell:Creating prefix chain script '/home/aarjan/minor_ros/install/setup.zsh'
