running egg_info
creating ../../build/car_urdf/car_urdf.egg-info
writing ../../build/car_urdf/car_urdf.egg-info/PKG-INFO
writing dependency_links to ../../build/car_urdf/car_urdf.egg-info/dependency_links.txt
writing entry points to ../../build/car_urdf/car_urdf.egg-info/entry_points.txt
writing requirements to ../../build/car_urdf/car_urdf.egg-info/requires.txt
writing top-level names to ../../build/car_urdf/car_urdf.egg-info/top_level.txt
writing ../../build/car_urdf/car_urdf.egg-info/PKG-INFO
writing dependency_links to ../../build/car_urdf/car_urdf.egg-info/dependency_links.txt
writing entry points to ../../build/car_urdf/car_urdf.egg-info/entry_points.txt
writing requirements to ../../build/car_urdf/car_urdf.egg-info/requires.txt
writing top-level names to ../../build/car_urdf/car_urdf.egg-info/top_level.txt
writing manifest file '../../build/car_urdf/car_urdf.egg-info/SOURCES.txt'
reading manifest file '../../build/car_urdf/car_urdf.egg-info/SOURCES.txt'
writing manifest file '../../build/car_urdf/car_urdf.egg-info/SOURCES.txt'
running build
running build_py
creating /home/aarjan/minor_ros/build/car_urdf/build
creating /home/aarjan/minor_ros/build/car_urdf/build/lib
creating /home/aarjan/minor_ros/build/car_urdf/build/lib/car_urdf
copying car_urdf/__init__.py -> /home/aarjan/minor_ros/build/car_urdf/build/lib/car_urdf
running install
running install_lib
creating /home/aarjan/minor_ros/install/car_urdf/lib/python3.10/site-packages/car_urdf
copying /home/aarjan/minor_ros/build/car_urdf/build/lib/car_urdf/__init__.py -> /home/aarjan/minor_ros/install/car_urdf/lib/python3.10/site-packages/car_urdf
byte-compiling /home/aarjan/minor_ros/install/car_urdf/lib/python3.10/site-packages/car_urdf/__init__.py to __init__.cpython-310.pyc
running install_data
creating /home/aarjan/minor_ros/install/car_urdf/share/ament_index
creating /home/aarjan/minor_ros/install/car_urdf/share/ament_index/resource_index
creating /home/aarjan/minor_ros/install/car_urdf/share/ament_index/resource_index/packages
copying resource/car_urdf -> /home/aarjan/minor_ros/install/car_urdf/share/ament_index/resource_index/packages
copying package.xml -> /home/aarjan/minor_ros/install/car_urdf/share/car_urdf
running install_egg_info
Copying ../../build/car_urdf/car_urdf.egg-info to /home/aarjan/minor_ros/install/car_urdf/lib/python3.10/site-packages/car_urdf-0.0.0-py3.10.egg-info
running install_scripts
writing list of installed files to '/home/aarjan/minor_ros/build/car_urdf/install.log'
