[0.827s] DEBUG:colcon:Command line arguments: ['/usr/bin/colcon', 'build']
[0.827s] DEBUG:colcon:Parsed command line arguments: Namespace(log_base=None, log_level=None, verb_name='build', build_base='build', install_base='install', merge_install=False, symlink_install=False, test_result_base=None, continue_on_error=False, executor='parallel', parallel_workers=12, event_handlers=None, ignore_user_meta=False, metas=['./colcon.meta'], base_paths=['.'], packages_ignore=None, packages_ignore_regex=None, paths=None, packages_up_to=None, packages_up_to_regex=None, packages_above=None, packages_above_and_dependencies=None, packages_above_depth=None, packages_select_by_dep=None, packages_skip_by_dep=None, packages_skip_up_to=None, packages_select_build_failed=False, packages_skip_build_finished=False, packages_select_test_failures=False, packages_skip_test_passed=False, packages_select=None, packages_skip=None, packages_select_regex=None, packages_skip_regex=None, packages_start=None, packages_end=None, allow_overriding=[], cmake_args=None, cmake_target=None, cmake_target_skip_unavailable=False, cmake_clean_cache=False, cmake_clean_first=False, cmake_force_configure=False, ament_cmake_args=None, catkin_cmake_args=None, catkin_skip_building_tests=False, verb_parser=<colcon_defaults.argument_parser.defaults.DefaultArgumentsDecorator object at 0x7f99c59169b0>, verb_extension=<colcon_core.verb.build.BuildVerb object at 0x7f99c5917490>, main=<bound method BuildVerb.main of <colcon_core.verb.build.BuildVerb object at 0x7f99c5917490>>)
[0.860s] Level 1:colcon.colcon_core.package_discovery:discover_packages(colcon_meta) check parameters
[0.860s] Level 1:colcon.colcon_core.package_discovery:discover_packages(recursive) check parameters
[0.860s] Level 1:colcon.colcon_core.package_discovery:discover_packages(ignore) check parameters
[0.860s] Level 1:colcon.colcon_core.package_discovery:discover_packages(path) check parameters
[0.860s] Level 1:colcon.colcon_core.package_discovery:discover_packages(colcon_meta) discover
[0.860s] Level 1:colcon.colcon_core.package_discovery:discover_packages(recursive) discover
[0.860s] INFO:colcon.colcon_core.package_discovery:Crawling recursively for packages in '/home/aarjan/minor_ros'
[0.860s] Level 1:colcon.colcon_core.package_identification:_identify(.) by extensions ['ignore', 'ignore_ament_install']
[0.860s] Level 1:colcon.colcon_core.package_identification:_identify(.) by extension 'ignore'
[0.860s] Level 1:colcon.colcon_core.package_identification:_identify(.) by extension 'ignore_ament_install'
[0.860s] Level 1:colcon.colcon_core.package_identification:_identify(.) by extensions ['colcon_pkg']
[0.860s] Level 1:colcon.colcon_core.package_identification:_identify(.) by extension 'colcon_pkg'
[0.860s] Level 1:colcon.colcon_core.package_identification:_identify(.) by extensions ['colcon_meta']
[0.860s] Level 1:colcon.colcon_core.package_identification:_identify(.) by extension 'colcon_meta'
[0.860s] Level 1:colcon.colcon_core.package_identification:_identify(.) by extensions ['ros']
[0.860s] Level 1:colcon.colcon_core.package_identification:_identify(.) by extension 'ros'
[0.872s] Level 1:colcon.colcon_core.package_identification:_identify(.) by extensions ['cmake', 'python']
[0.872s] Level 1:colcon.colcon_core.package_identification:_identify(.) by extension 'cmake'
[0.873s] Level 1:colcon.colcon_core.package_identification:_identify(.) by extension 'python'
[0.873s] Level 1:colcon.colcon_core.package_identification:_identify(.) by extensions ['python_setup_py']
[0.873s] Level 1:colcon.colcon_core.package_identification:_identify(.) by extension 'python_setup_py'
[0.873s] Level 1:colcon.colcon_core.package_identification:_identify(build) by extensions ['ignore', 'ignore_ament_install']
[0.873s] Level 1:colcon.colcon_core.package_identification:_identify(build) by extension 'ignore'
[0.873s] Level 1:colcon.colcon_core.package_identification:_identify(build) ignored
[0.873s] Level 1:colcon.colcon_core.package_identification:_identify(install) by extensions ['ignore', 'ignore_ament_install']
[0.873s] Level 1:colcon.colcon_core.package_identification:_identify(install) by extension 'ignore'
[0.873s] Level 1:colcon.colcon_core.package_identification:_identify(install) ignored
[0.873s] Level 1:colcon.colcon_core.package_identification:_identify(log) by extensions ['ignore', 'ignore_ament_install']
[0.873s] Level 1:colcon.colcon_core.package_identification:_identify(log) by extension 'ignore'
[0.873s] Level 1:colcon.colcon_core.package_identification:_identify(log) ignored
[0.873s] Level 1:colcon.colcon_core.package_identification:_identify(src) by extensions ['ignore', 'ignore_ament_install']
[0.873s] Level 1:colcon.colcon_core.package_identification:_identify(src) by extension 'ignore'
[0.873s] Level 1:colcon.colcon_core.package_identification:_identify(src) by extension 'ignore_ament_install'
[0.873s] Level 1:colcon.colcon_core.package_identification:_identify(src) by extensions ['colcon_pkg']
[0.873s] Level 1:colcon.colcon_core.package_identification:_identify(src) by extension 'colcon_pkg'
[0.873s] Level 1:colcon.colcon_core.package_identification:_identify(src) by extensions ['colcon_meta']
[0.873s] Level 1:colcon.colcon_core.package_identification:_identify(src) by extension 'colcon_meta'
[0.873s] Level 1:colcon.colcon_core.package_identification:_identify(src) by extensions ['ros']
[0.873s] Level 1:colcon.colcon_core.package_identification:_identify(src) by extension 'ros'
[0.873s] Level 1:colcon.colcon_core.package_identification:_identify(src) by extensions ['cmake', 'python']
[0.873s] Level 1:colcon.colcon_core.package_identification:_identify(src) by extension 'cmake'
[0.873s] Level 1:colcon.colcon_core.package_identification:_identify(src) by extension 'python'
[0.873s] Level 1:colcon.colcon_core.package_identification:_identify(src) by extensions ['python_setup_py']
[0.873s] Level 1:colcon.colcon_core.package_identification:_identify(src) by extension 'python_setup_py'
[0.873s] Level 1:colcon.colcon_core.package_identification:_identify(src/car_urdf) by extensions ['ignore', 'ignore_ament_install']
[0.873s] Level 1:colcon.colcon_core.package_identification:_identify(src/car_urdf) by extension 'ignore'
[0.873s] Level 1:colcon.colcon_core.package_identification:_identify(src/car_urdf) by extension 'ignore_ament_install'
[0.873s] Level 1:colcon.colcon_core.package_identification:_identify(src/car_urdf) by extensions ['colcon_pkg']
[0.873s] Level 1:colcon.colcon_core.package_identification:_identify(src/car_urdf) by extension 'colcon_pkg'
[0.873s] Level 1:colcon.colcon_core.package_identification:_identify(src/car_urdf) by extensions ['colcon_meta']
[0.873s] Level 1:colcon.colcon_core.package_identification:_identify(src/car_urdf) by extension 'colcon_meta'
[0.874s] Level 1:colcon.colcon_core.package_identification:_identify(src/car_urdf) by extensions ['ros']
[0.874s] Level 1:colcon.colcon_core.package_identification:_identify(src/car_urdf) by extension 'ros'
[0.875s] DEBUG:colcon.colcon_core.package_identification:Package 'src/car_urdf' with type 'ros.ament_python' and name 'car_urdf'
[0.875s] Level 1:colcon.colcon_core.package_identification:_identify(src/pubsub) by extensions ['ignore', 'ignore_ament_install']
[0.875s] Level 1:colcon.colcon_core.package_identification:_identify(src/pubsub) by extension 'ignore'
[0.875s] Level 1:colcon.colcon_core.package_identification:_identify(src/pubsub) by extension 'ignore_ament_install'
[0.875s] Level 1:colcon.colcon_core.package_identification:_identify(src/pubsub) by extensions ['colcon_pkg']
[0.875s] Level 1:colcon.colcon_core.package_identification:_identify(src/pubsub) by extension 'colcon_pkg'
[0.875s] Level 1:colcon.colcon_core.package_identification:_identify(src/pubsub) by extensions ['colcon_meta']
[0.875s] Level 1:colcon.colcon_core.package_identification:_identify(src/pubsub) by extension 'colcon_meta'
[0.875s] Level 1:colcon.colcon_core.package_identification:_identify(src/pubsub) by extensions ['ros']
[0.875s] Level 1:colcon.colcon_core.package_identification:_identify(src/pubsub) by extension 'ros'
[0.876s] DEBUG:colcon.colcon_core.package_identification:Package 'src/pubsub' with type 'ros.ament_python' and name 'pubsub'
[0.876s] Level 1:colcon.colcon_core.package_discovery:discover_packages(recursive) using defaults
[0.876s] Level 1:colcon.colcon_core.package_discovery:discover_packages(ignore) discover
[0.876s] Level 1:colcon.colcon_core.package_discovery:discover_packages(ignore) using defaults
[0.876s] Level 1:colcon.colcon_core.package_discovery:discover_packages(path) discover
[0.876s] Level 1:colcon.colcon_core.package_discovery:discover_packages(path) using defaults
[0.946s] Level 1:colcon.colcon_core.package_discovery:discover_packages(prefix_path) check parameters
[0.946s] Level 1:colcon.colcon_core.package_discovery:discover_packages(prefix_path) discover
[0.969s] DEBUG:colcon.colcon_installed_package_information.package_discovery:Found 2 installed packages in /home/aarjan/minor_ros/install
[0.980s] DEBUG:colcon.colcon_installed_package_information.package_discovery:Found 1 installed packages in /home/aarjan/ros/dev_ws/install
[0.992s] DEBUG:colcon.colcon_installed_package_information.package_discovery:Found 434 installed packages in /opt/ros/humble
[0.993s] Level 1:colcon.colcon_core.package_discovery:discover_packages(prefix_path) using defaults
[1.067s] Level 5:colcon.colcon_core.verb:set package 'car_urdf' build argument 'cmake_args' from command line to 'None'
[1.067s] Level 5:colcon.colcon_core.verb:set package 'car_urdf' build argument 'cmake_target' from command line to 'None'
[1.067s] Level 5:colcon.colcon_core.verb:set package 'car_urdf' build argument 'cmake_target_skip_unavailable' from command line to 'False'
[1.067s] Level 5:colcon.colcon_core.verb:set package 'car_urdf' build argument 'cmake_clean_cache' from command line to 'False'
[1.067s] Level 5:colcon.colcon_core.verb:set package 'car_urdf' build argument 'cmake_clean_first' from command line to 'False'
[1.067s] Level 5:colcon.colcon_core.verb:set package 'car_urdf' build argument 'cmake_force_configure' from command line to 'False'
[1.067s] Level 5:colcon.colcon_core.verb:set package 'car_urdf' build argument 'ament_cmake_args' from command line to 'None'
[1.067s] Level 5:colcon.colcon_core.verb:set package 'car_urdf' build argument 'catkin_cmake_args' from command line to 'None'
[1.067s] Level 5:colcon.colcon_core.verb:set package 'car_urdf' build argument 'catkin_skip_building_tests' from command line to 'False'
[1.067s] DEBUG:colcon.colcon_core.verb:Building package 'car_urdf' with the following arguments: {'ament_cmake_args': None, 'build_base': '/home/aarjan/minor_ros/build/car_urdf', 'catkin_cmake_args': None, 'catkin_skip_building_tests': False, 'cmake_args': None, 'cmake_clean_cache': False, 'cmake_clean_first': False, 'cmake_force_configure': False, 'cmake_target': None, 'cmake_target_skip_unavailable': False, 'install_base': '/home/aarjan/minor_ros/install/car_urdf', 'merge_install': False, 'path': '/home/aarjan/minor_ros/src/car_urdf', 'symlink_install': False, 'test_result_base': None}
[1.079s] Level 5:colcon.colcon_core.verb:set package 'pubsub' build argument 'cmake_args' from command line to 'None'
[1.079s] Level 5:colcon.colcon_core.verb:set package 'pubsub' build argument 'cmake_target' from command line to 'None'
[1.079s] Level 5:colcon.colcon_core.verb:set package 'pubsub' build argument 'cmake_target_skip_unavailable' from command line to 'False'
[1.079s] Level 5:colcon.colcon_core.verb:set package 'pubsub' build argument 'cmake_clean_cache' from command line to 'False'
[1.079s] Level 5:colcon.colcon_core.verb:set package 'pubsub' build argument 'cmake_clean_first' from command line to 'False'
[1.079s] Level 5:colcon.colcon_core.verb:set package 'pubsub' build argument 'cmake_force_configure' from command line to 'False'
[1.079s] Level 5:colcon.colcon_core.verb:set package 'pubsub' build argument 'ament_cmake_args' from command line to 'None'
[1.079s] Level 5:colcon.colcon_core.verb:set package 'pubsub' build argument 'catkin_cmake_args' from command line to 'None'
[1.079s] Level 5:colcon.colcon_core.verb:set package 'pubsub' build argument 'catkin_skip_building_tests' from command line to 'False'
[1.079s] DEBUG:colcon.colcon_core.verb:Building package 'pubsub' with the following arguments: {'ament_cmake_args': None, 'build_base': '/home/aarjan/minor_ros/build/pubsub', 'catkin_cmake_args': None, 'catkin_skip_building_tests': False, 'cmake_args': None, 'cmake_clean_cache': False, 'cmake_clean_first': False, 'cmake_force_configure': False, 'cmake_target': None, 'cmake_target_skip_unavailable': False, 'install_base': '/home/aarjan/minor_ros/install/pubsub', 'merge_install': False, 'path': '/home/aarjan/minor_ros/src/pubsub', 'symlink_install': False, 'test_result_base': None}
[1.090s] INFO:colcon.colcon_core.executor:Executing jobs using 'parallel' executor
[1.102s] DEBUG:colcon.colcon_parallel_executor.executor.parallel:run_until_complete
[1.103s] INFO:colcon.colcon_ros.task.ament_python.build:Building ROS package in '/home/aarjan/minor_ros/src/car_urdf' with build type 'ament_python'
[1.103s] Level 1:colcon.colcon_core.shell:create_environment_hook('car_urdf', 'ament_prefix_path')
[1.116s] INFO:colcon.colcon_core.plugin_system:Skipping extension 'colcon_core.shell.bat': Not used on non-Windows systems
[1.116s] INFO:colcon.colcon_core.shell:Creating environment hook '/home/aarjan/minor_ros/install/car_urdf/share/car_urdf/hook/ament_prefix_path.ps1'
[1.117s] INFO:colcon.colcon_core.shell:Creating environment descriptor '/home/aarjan/minor_ros/install/car_urdf/share/car_urdf/hook/ament_prefix_path.dsv'
[1.117s] INFO:colcon.colcon_core.shell:Creating environment hook '/home/aarjan/minor_ros/install/car_urdf/share/car_urdf/hook/ament_prefix_path.sh'
[1.129s] INFO:colcon.colcon_core.shell:Skip shell extension 'powershell' for command environment: Not usable outside of PowerShell
[1.130s] DEBUG:colcon.colcon_core.shell:Skip shell extension 'dsv' for command environment
[1.177s] INFO:colcon.colcon_ros.task.ament_python.build:Building ROS package in '/home/aarjan/minor_ros/src/pubsub' with build type 'ament_python'
[1.177s] Level 1:colcon.colcon_core.shell:create_environment_hook('pubsub', 'ament_prefix_path')
[1.190s] INFO:colcon.colcon_core.shell:Creating environment hook '/home/aarjan/minor_ros/install/pubsub/share/pubsub/hook/ament_prefix_path.ps1'
[1.190s] INFO:colcon.colcon_core.shell:Creating environment descriptor '/home/aarjan/minor_ros/install/pubsub/share/pubsub/hook/ament_prefix_path.dsv'
[1.191s] INFO:colcon.colcon_core.shell:Creating environment hook '/home/aarjan/minor_ros/install/pubsub/share/pubsub/hook/ament_prefix_path.sh'
[1.203s] INFO:colcon.colcon_core.shell:Skip shell extension 'powershell' for command environment: Not usable outside of PowerShell
[1.203s] DEBUG:colcon.colcon_core.shell:Skip shell extension 'dsv' for command environment
[1.469s] INFO:colcon.colcon_core.task.python.build:Building Python package in '/home/aarjan/minor_ros/src/car_urdf'
[1.481s] INFO:colcon.colcon_core.shell:Skip shell extension 'powershell' for command environment: Not usable outside of PowerShell
[1.481s] DEBUG:colcon.colcon_core.shell:Skip shell extension 'dsv' for command environment
[1.743s] INFO:colcon.colcon_core.task.python.build:Building Python package in '/home/aarjan/minor_ros/src/pubsub'
[1.755s] INFO:colcon.colcon_core.shell:Skip shell extension 'powershell' for command environment: Not usable outside of PowerShell
[1.755s] DEBUG:colcon.colcon_core.shell:Skip shell extension 'dsv' for command environment
[2.140s] DEBUG:colcon.colcon_core.event_handler.log_command:Invoking command in '/home/aarjan/minor_ros/src/pubsub': PYTHONPATH=/home/aarjan/minor_ros/build/pubsub/prefix_override:/home/aarjan/minor_ros/install/pubsub/lib/python3.10/site-packages:${PYTHONPATH} /usr/bin/python3 setup.py egg_info --egg-base ../../build/pubsub build --build-base /home/aarjan/minor_ros/build/pubsub/build install --record /home/aarjan/minor_ros/build/pubsub/install.log --single-version-externally-managed
[2.141s] DEBUG:colcon.colcon_core.event_handler.log_command:Invoking command in '/home/aarjan/minor_ros/src/car_urdf': PYTHONPATH=/home/aarjan/minor_ros/build/car_urdf/prefix_override:/home/aarjan/minor_ros/install/car_urdf/lib/python3.10/site-packages:${PYTHONPATH} /usr/bin/python3 setup.py egg_info --egg-base ../../build/car_urdf build --build-base /home/aarjan/minor_ros/build/car_urdf/build install --record /home/aarjan/minor_ros/build/car_urdf/install.log --single-version-externally-managed
[2.385s] DEBUG:colcon.colcon_core.event_handler.log_command:Invoked command in '/home/aarjan/minor_ros/src/car_urdf' returned '0': PYTHONPATH=/home/aarjan/minor_ros/build/car_urdf/prefix_override:/home/aarjan/minor_ros/install/car_urdf/lib/python3.10/site-packages:${PYTHONPATH} /usr/bin/python3 setup.py egg_info --egg-base ../../build/car_urdf build --build-base /home/aarjan/minor_ros/build/car_urdf/build install --record /home/aarjan/minor_ros/build/car_urdf/install.log --single-version-externally-managed
[2.398s] Level 1:colcon.colcon_core.environment:checking '/home/aarjan/minor_ros/install/car_urdf' for CMake module files
[2.398s] Level 1:colcon.colcon_core.environment:checking '/home/aarjan/minor_ros/install/car_urdf' for CMake config files
[2.399s] Level 1:colcon.colcon_core.environment:checking '/home/aarjan/minor_ros/install/car_urdf/lib'
[2.399s] Level 1:colcon.colcon_core.environment:checking '/home/aarjan/minor_ros/install/car_urdf/bin'
[2.399s] Level 1:colcon.colcon_core.environment:checking '/home/aarjan/minor_ros/install/car_urdf/lib/pkgconfig/car_urdf.pc'
[2.399s] Level 1:colcon.colcon_core.environment:checking '/home/aarjan/minor_ros/install/car_urdf/lib/python3.10/site-packages'
[2.399s] Level 1:colcon.colcon_core.shell:create_environment_hook('car_urdf', 'pythonpath')
[2.411s] INFO:colcon.colcon_core.shell:Creating environment hook '/home/aarjan/minor_ros/install/car_urdf/share/car_urdf/hook/pythonpath.ps1'
[2.411s] INFO:colcon.colcon_core.shell:Creating environment descriptor '/home/aarjan/minor_ros/install/car_urdf/share/car_urdf/hook/pythonpath.dsv'
[2.411s] INFO:colcon.colcon_core.shell:Creating environment hook '/home/aarjan/minor_ros/install/car_urdf/share/car_urdf/hook/pythonpath.sh'
[2.411s] Level 1:colcon.colcon_core.environment:checking '/home/aarjan/minor_ros/install/car_urdf/bin'
[2.411s] Level 1:colcon.colcon_core.environment:create_environment_scripts_only(car_urdf)
[2.423s] INFO:colcon.colcon_core.shell:Creating package script '/home/aarjan/minor_ros/install/car_urdf/share/car_urdf/package.ps1'
[2.424s] INFO:colcon.colcon_core.shell:Creating package descriptor '/home/aarjan/minor_ros/install/car_urdf/share/car_urdf/package.dsv'
[2.424s] INFO:colcon.colcon_core.shell:Creating package script '/home/aarjan/minor_ros/install/car_urdf/share/car_urdf/package.sh'
[2.425s] INFO:colcon.colcon_core.shell:Creating package script '/home/aarjan/minor_ros/install/car_urdf/share/car_urdf/package.bash'
[2.425s] INFO:colcon.colcon_core.shell:Creating package script '/home/aarjan/minor_ros/install/car_urdf/share/car_urdf/package.zsh'
[2.425s] Level 1:colcon.colcon_core.environment:create_file_with_runtime_dependencies(/home/aarjan/minor_ros/install/car_urdf/share/colcon-core/packages/car_urdf)
[2.427s] DEBUG:colcon.colcon_core.event_handler.log_command:Invoked command in '/home/aarjan/minor_ros/src/pubsub' returned '0': PYTHONPATH=/home/aarjan/minor_ros/build/pubsub/prefix_override:/home/aarjan/minor_ros/install/pubsub/lib/python3.10/site-packages:${PYTHONPATH} /usr/bin/python3 setup.py egg_info --egg-base ../../build/pubsub build --build-base /home/aarjan/minor_ros/build/pubsub/build install --record /home/aarjan/minor_ros/build/pubsub/install.log --single-version-externally-managed
[2.439s] Level 1:colcon.colcon_core.environment:checking '/home/aarjan/minor_ros/install/pubsub' for CMake module files
[2.440s] Level 1:colcon.colcon_core.environment:checking '/home/aarjan/minor_ros/install/pubsub' for CMake config files
[2.440s] Level 1:colcon.colcon_core.environment:checking '/home/aarjan/minor_ros/install/pubsub/lib'
[2.440s] Level 1:colcon.colcon_core.environment:checking '/home/aarjan/minor_ros/install/pubsub/bin'
[2.440s] Level 1:colcon.colcon_core.environment:checking '/home/aarjan/minor_ros/install/pubsub/lib/pkgconfig/pubsub.pc'
[2.440s] Level 1:colcon.colcon_core.environment:checking '/home/aarjan/minor_ros/install/pubsub/lib/python3.10/site-packages'
[2.440s] Level 1:colcon.colcon_core.shell:create_environment_hook('pubsub', 'pythonpath')
[2.452s] INFO:colcon.colcon_core.shell:Creating environment hook '/home/aarjan/minor_ros/install/pubsub/share/pubsub/hook/pythonpath.ps1'
[2.452s] INFO:colcon.colcon_core.shell:Creating environment descriptor '/home/aarjan/minor_ros/install/pubsub/share/pubsub/hook/pythonpath.dsv'
[2.452s] INFO:colcon.colcon_core.shell:Creating environment hook '/home/aarjan/minor_ros/install/pubsub/share/pubsub/hook/pythonpath.sh'
[2.453s] Level 1:colcon.colcon_core.environment:checking '/home/aarjan/minor_ros/install/pubsub/bin'
[2.453s] Level 1:colcon.colcon_core.environment:create_environment_scripts_only(pubsub)
[2.464s] INFO:colcon.colcon_core.shell:Creating package script '/home/aarjan/minor_ros/install/pubsub/share/pubsub/package.ps1'
[2.465s] INFO:colcon.colcon_core.shell:Creating package descriptor '/home/aarjan/minor_ros/install/pubsub/share/pubsub/package.dsv'
[2.465s] INFO:colcon.colcon_core.shell:Creating package script '/home/aarjan/minor_ros/install/pubsub/share/pubsub/package.sh'
[2.465s] INFO:colcon.colcon_core.shell:Creating package script '/home/aarjan/minor_ros/install/pubsub/share/pubsub/package.bash'
[2.465s] INFO:colcon.colcon_core.shell:Creating package script '/home/aarjan/minor_ros/install/pubsub/share/pubsub/package.zsh'
[2.465s] Level 1:colcon.colcon_core.environment:create_file_with_runtime_dependencies(/home/aarjan/minor_ros/install/pubsub/share/colcon-core/packages/pubsub)
[2.465s] DEBUG:colcon.colcon_parallel_executor.executor.parallel:closing loop
[2.466s] DEBUG:colcon.colcon_parallel_executor.executor.parallel:loop closed
[2.466s] DEBUG:colcon.colcon_parallel_executor.executor.parallel:run_until_complete finished with '0'
[2.466s] DEBUG:colcon.colcon_core.event_reactor:joining thread
[2.482s] INFO:colcon.colcon_core.plugin_system:Skipping extension 'colcon_notification.desktop_notification.terminal_notifier': Not used on non-Darwin systems
[2.482s] INFO:colcon.colcon_core.plugin_system:Skipping extension 'colcon_notification.desktop_notification.win32': Not used on non-Windows systems
[2.482s] INFO:colcon.colcon_notification.desktop_notification:Sending desktop notification using 'notify2'
[2.492s] DEBUG:colcon.colcon_core.event_reactor:joined thread
[2.505s] INFO:colcon.colcon_core.shell:Creating prefix script '/home/aarjan/minor_ros/install/local_setup.ps1'
[2.506s] INFO:colcon.colcon_core.shell:Creating prefix util module '/home/aarjan/minor_ros/install/_local_setup_util_ps1.py'
[2.506s] INFO:colcon.colcon_core.shell:Creating prefix chain script '/home/aarjan/minor_ros/install/setup.ps1'
[2.518s] INFO:colcon.colcon_core.shell:Creating prefix script '/home/aarjan/minor_ros/install/local_setup.sh'
[2.519s] INFO:colcon.colcon_core.shell:Creating prefix util module '/home/aarjan/minor_ros/install/_local_setup_util_sh.py'
[2.519s] INFO:colcon.colcon_core.shell:Creating prefix chain script '/home/aarjan/minor_ros/install/setup.sh'
[2.531s] INFO:colcon.colcon_core.shell:Creating prefix script '/home/aarjan/minor_ros/install/local_setup.bash'
[2.532s] INFO:colcon.colcon_core.shell:Creating prefix chain script '/home/aarjan/minor_ros/install/setup.bash'
[2.544s] INFO:colcon.colcon_core.shell:Creating prefix script '/home/aarjan/minor_ros/install/local_setup.zsh'
[2.544s] INFO:colcon.colcon_core.shell:Creating prefix chain script '/home/aarjan/minor_ros/install/setup.zsh'
