[0.924s] DEBUG:colcon:Command line arguments: ['/usr/bin/colcon', 'build']
[0.924s] DEBUG:colcon:Parsed command line arguments: Namespace(log_base=None, log_level=None, verb_name='build', build_base='build', install_base='install', merge_install=False, symlink_install=False, test_result_base=None, continue_on_error=False, executor='parallel', parallel_workers=12, event_handlers=None, ignore_user_meta=False, metas=['./colcon.meta'], base_paths=['.'], packages_ignore=None, packages_ignore_regex=None, paths=None, packages_up_to=None, packages_up_to_regex=None, packages_above=None, packages_above_and_dependencies=None, packages_above_depth=None, packages_select_by_dep=None, packages_skip_by_dep=None, packages_skip_up_to=None, packages_select_build_failed=False, packages_skip_build_finished=False, packages_select_test_failures=False, packages_skip_test_passed=False, packages_select=None, packages_skip=None, packages_select_regex=None, packages_skip_regex=None, packages_start=None, packages_end=None, allow_overriding=[], cmake_args=None, cmake_target=None, cmake_target_skip_unavailable=False, cmake_clean_cache=False, cmake_clean_first=False, cmake_force_configure=False, ament_cmake_args=None, catkin_cmake_args=None, catkin_skip_building_tests=False, verb_parser=<colcon_defaults.argument_parser.defaults.DefaultArgumentsDecorator object at 0x7f74833545b0>, verb_extension=<colcon_core.verb.build.BuildVerb object at 0x7f7483356650>, main=<bound method BuildVerb.main of <colcon_core.verb.build.BuildVerb object at 0x7f7483356650>>)
[0.965s] Level 1:colcon.colcon_core.package_discovery:discover_packages(colcon_meta) check parameters
[0.965s] Level 1:colcon.colcon_core.package_discovery:discover_packages(recursive) check parameters
[0.965s] Level 1:colcon.colcon_core.package_discovery:discover_packages(ignore) check parameters
[0.965s] Level 1:colcon.colcon_core.package_discovery:discover_packages(path) check parameters
[0.965s] Level 1:colcon.colcon_core.package_discovery:discover_packages(colcon_meta) discover
[0.965s] Level 1:colcon.colcon_core.package_discovery:discover_packages(recursive) discover
[0.965s] INFO:colcon.colcon_core.package_discovery:Crawling recursively for packages in '/home/aarjan/minor_ros'
[0.965s] Level 1:colcon.colcon_core.package_identification:_identify(.) by extensions ['ignore', 'ignore_ament_install']
[0.965s] Level 1:colcon.colcon_core.package_identification:_identify(.) by extension 'ignore'
[0.965s] Level 1:colcon.colcon_core.package_identification:_identify(.) by extension 'ignore_ament_install'
[0.965s] Level 1:colcon.colcon_core.package_identification:_identify(.) by extensions ['colcon_pkg']
[0.965s] Level 1:colcon.colcon_core.package_identification:_identify(.) by extension 'colcon_pkg'
[0.965s] Level 1:colcon.colcon_core.package_identification:_identify(.) by extensions ['colcon_meta']
[0.965s] Level 1:colcon.colcon_core.package_identification:_identify(.) by extension 'colcon_meta'
[0.966s] Level 1:colcon.colcon_core.package_identification:_identify(.) by extensions ['ros']
[0.966s] Level 1:colcon.colcon_core.package_identification:_identify(.) by extension 'ros'
[0.979s] Level 1:colcon.colcon_core.package_identification:_identify(.) by extensions ['cmake', 'python']
[0.979s] Level 1:colcon.colcon_core.package_identification:_identify(.) by extension 'cmake'
[0.979s] Level 1:colcon.colcon_core.package_identification:_identify(.) by extension 'python'
[0.979s] Level 1:colcon.colcon_core.package_identification:_identify(.) by extensions ['python_setup_py']
[0.979s] Level 1:colcon.colcon_core.package_identification:_identify(.) by extension 'python_setup_py'
[0.979s] Level 1:colcon.colcon_core.package_identification:_identify(build) by extensions ['ignore', 'ignore_ament_install']
[0.979s] Level 1:colcon.colcon_core.package_identification:_identify(build) by extension 'ignore'
[0.979s] Level 1:colcon.colcon_core.package_identification:_identify(build) ignored
[0.979s] Level 1:colcon.colcon_core.package_identification:_identify(install) by extensions ['ignore', 'ignore_ament_install']
[0.979s] Level 1:colcon.colcon_core.package_identification:_identify(install) by extension 'ignore'
[0.979s] Level 1:colcon.colcon_core.package_identification:_identify(install) ignored
[0.979s] Level 1:colcon.colcon_core.package_identification:_identify(log) by extensions ['ignore', 'ignore_ament_install']
[0.980s] Level 1:colcon.colcon_core.package_identification:_identify(log) by extension 'ignore'
[0.980s] Level 1:colcon.colcon_core.package_identification:_identify(log) ignored
[0.980s] Level 1:colcon.colcon_core.package_identification:_identify(src) by extensions ['ignore', 'ignore_ament_install']
[0.980s] Level 1:colcon.colcon_core.package_identification:_identify(src) by extension 'ignore'
[0.980s] Level 1:colcon.colcon_core.package_identification:_identify(src) by extension 'ignore_ament_install'
[0.980s] Level 1:colcon.colcon_core.package_identification:_identify(src) by extensions ['colcon_pkg']
[0.980s] Level 1:colcon.colcon_core.package_identification:_identify(src) by extension 'colcon_pkg'
[0.980s] Level 1:colcon.colcon_core.package_identification:_identify(src) by extensions ['colcon_meta']
[0.980s] Level 1:colcon.colcon_core.package_identification:_identify(src) by extension 'colcon_meta'
[0.980s] Level 1:colcon.colcon_core.package_identification:_identify(src) by extensions ['ros']
[0.980s] Level 1:colcon.colcon_core.package_identification:_identify(src) by extension 'ros'
[0.980s] Level 1:colcon.colcon_core.package_identification:_identify(src) by extensions ['cmake', 'python']
[0.980s] Level 1:colcon.colcon_core.package_identification:_identify(src) by extension 'cmake'
[0.980s] Level 1:colcon.colcon_core.package_identification:_identify(src) by extension 'python'
[0.980s] Level 1:colcon.colcon_core.package_identification:_identify(src) by extensions ['python_setup_py']
[0.980s] Level 1:colcon.colcon_core.package_identification:_identify(src) by extension 'python_setup_py'
[0.980s] Level 1:colcon.colcon_core.package_identification:_identify(src/build) by extensions ['ignore', 'ignore_ament_install']
[0.980s] Level 1:colcon.colcon_core.package_identification:_identify(src/build) by extension 'ignore'
[0.980s] Level 1:colcon.colcon_core.package_identification:_identify(src/build) ignored
[0.980s] Level 1:colcon.colcon_core.package_identification:_identify(src/install) by extensions ['ignore', 'ignore_ament_install']
[0.980s] Level 1:colcon.colcon_core.package_identification:_identify(src/install) by extension 'ignore'
[0.980s] Level 1:colcon.colcon_core.package_identification:_identify(src/install) ignored
[0.980s] Level 1:colcon.colcon_core.package_identification:_identify(src/log) by extensions ['ignore', 'ignore_ament_install']
[0.980s] Level 1:colcon.colcon_core.package_identification:_identify(src/log) by extension 'ignore'
[0.980s] Level 1:colcon.colcon_core.package_identification:_identify(src/log) ignored
[0.980s] Level 1:colcon.colcon_core.package_identification:_identify(src/pubsub) by extensions ['ignore', 'ignore_ament_install']
[0.980s] Level 1:colcon.colcon_core.package_identification:_identify(src/pubsub) by extension 'ignore'
[0.980s] Level 1:colcon.colcon_core.package_identification:_identify(src/pubsub) by extension 'ignore_ament_install'
[0.980s] Level 1:colcon.colcon_core.package_identification:_identify(src/pubsub) by extensions ['colcon_pkg']
[0.980s] Level 1:colcon.colcon_core.package_identification:_identify(src/pubsub) by extension 'colcon_pkg'
[0.980s] Level 1:colcon.colcon_core.package_identification:_identify(src/pubsub) by extensions ['colcon_meta']
[0.980s] Level 1:colcon.colcon_core.package_identification:_identify(src/pubsub) by extension 'colcon_meta'
[0.980s] Level 1:colcon.colcon_core.package_identification:_identify(src/pubsub) by extensions ['ros']
[0.980s] Level 1:colcon.colcon_core.package_identification:_identify(src/pubsub) by extension 'ros'
[0.982s] DEBUG:colcon.colcon_core.package_identification:Package 'src/pubsub' with type 'ros.ament_python' and name 'pubsub'
[0.982s] Level 1:colcon.colcon_core.package_identification:_identify(src/urdf) by extensions ['ignore', 'ignore_ament_install']
[0.982s] Level 1:colcon.colcon_core.package_identification:_identify(src/urdf) by extension 'ignore'
[0.982s] Level 1:colcon.colcon_core.package_identification:_identify(src/urdf) by extension 'ignore_ament_install'
[0.982s] Level 1:colcon.colcon_core.package_identification:_identify(src/urdf) by extensions ['colcon_pkg']
[0.982s] Level 1:colcon.colcon_core.package_identification:_identify(src/urdf) by extension 'colcon_pkg'
[0.982s] Level 1:colcon.colcon_core.package_identification:_identify(src/urdf) by extensions ['colcon_meta']
[0.982s] Level 1:colcon.colcon_core.package_identification:_identify(src/urdf) by extension 'colcon_meta'
[0.982s] Level 1:colcon.colcon_core.package_identification:_identify(src/urdf) by extensions ['ros']
[0.982s] Level 1:colcon.colcon_core.package_identification:_identify(src/urdf) by extension 'ros'
[0.983s] DEBUG:colcon.colcon_core.package_identification:Package 'src/urdf' with type 'ros.ament_python' and name 'urdf'
[0.983s] Level 1:colcon.colcon_core.package_discovery:discover_packages(recursive) using defaults
[0.983s] Level 1:colcon.colcon_core.package_discovery:discover_packages(ignore) discover
[0.983s] Level 1:colcon.colcon_core.package_discovery:discover_packages(ignore) using defaults
[0.983s] Level 1:colcon.colcon_core.package_discovery:discover_packages(path) discover
[0.983s] Level 1:colcon.colcon_core.package_discovery:discover_packages(path) using defaults
[1.060s] Level 1:colcon.colcon_core.package_discovery:discover_packages(prefix_path) check parameters
[1.060s] Level 1:colcon.colcon_core.package_discovery:discover_packages(prefix_path) discover
[1.088s] DEBUG:colcon.colcon_installed_package_information.package_discovery:Found 1 installed packages in /home/aarjan/ros/dev_ws/install
[1.102s] DEBUG:colcon.colcon_installed_package_information.package_discovery:Found 434 installed packages in /opt/ros/humble
[1.103s] Level 1:colcon.colcon_core.package_discovery:discover_packages(prefix_path) using defaults
[1.163s] WARNING:colcon.colcon_core.package_selection:Some selected packages are already built in one or more underlay workspaces:
	'urdf' is in: /opt/ros/humble
If a package in a merged underlay workspace is overridden and it installs headers, then all packages in the overlay must sort their include directories by workspace order. Failure to do so may result in build failures or undefined behavior at run time.
If the overridden package is used by another package in any underlay, then the overriding package in the overlay must be API and ABI compatible or undefined behavior at run time may occur.

If you understand the risks and want to override a package anyways, add the following to the command line:
	--allow-overriding urdf

This may be promoted to an error in a future release of colcon-override-check.
[1.176s] Level 5:colcon.colcon_core.verb:set package 'pubsub' build argument 'cmake_args' from command line to 'None'
[1.176s] Level 5:colcon.colcon_core.verb:set package 'pubsub' build argument 'cmake_target' from command line to 'None'
[1.176s] Level 5:colcon.colcon_core.verb:set package 'pubsub' build argument 'cmake_target_skip_unavailable' from command line to 'False'
[1.176s] Level 5:colcon.colcon_core.verb:set package 'pubsub' build argument 'cmake_clean_cache' from command line to 'False'
[1.177s] Level 5:colcon.colcon_core.verb:set package 'pubsub' build argument 'cmake_clean_first' from command line to 'False'
[1.177s] Level 5:colcon.colcon_core.verb:set package 'pubsub' build argument 'cmake_force_configure' from command line to 'False'
[1.177s] Level 5:colcon.colcon_core.verb:set package 'pubsub' build argument 'ament_cmake_args' from command line to 'None'
[1.177s] Level 5:colcon.colcon_core.verb:set package 'pubsub' build argument 'catkin_cmake_args' from command line to 'None'
[1.177s] Level 5:colcon.colcon_core.verb:set package 'pubsub' build argument 'catkin_skip_building_tests' from command line to 'False'
[1.177s] DEBUG:colcon.colcon_core.verb:Building package 'pubsub' with the following arguments: {'ament_cmake_args': None, 'build_base': '/home/aarjan/minor_ros/build/pubsub', 'catkin_cmake_args': None, 'catkin_skip_building_tests': False, 'cmake_args': None, 'cmake_clean_cache': False, 'cmake_clean_first': False, 'cmake_force_configure': False, 'cmake_target': None, 'cmake_target_skip_unavailable': False, 'install_base': '/home/aarjan/minor_ros/install/pubsub', 'merge_install': False, 'path': '/home/aarjan/minor_ros/src/pubsub', 'symlink_install': False, 'test_result_base': None}
[1.199s] Level 5:colcon.colcon_core.verb:set package 'urdf' build argument 'cmake_args' from command line to 'None'
[1.199s] Level 5:colcon.colcon_core.verb:set package 'urdf' build argument 'cmake_target' from command line to 'None'
[1.199s] Level 5:colcon.colcon_core.verb:set package 'urdf' build argument 'cmake_target_skip_unavailable' from command line to 'False'
[1.199s] Level 5:colcon.colcon_core.verb:set package 'urdf' build argument 'cmake_clean_cache' from command line to 'False'
[1.199s] Level 5:colcon.colcon_core.verb:set package 'urdf' build argument 'cmake_clean_first' from command line to 'False'
[1.199s] Level 5:colcon.colcon_core.verb:set package 'urdf' build argument 'cmake_force_configure' from command line to 'False'
[1.199s] Level 5:colcon.colcon_core.verb:set package 'urdf' build argument 'ament_cmake_args' from command line to 'None'
[1.199s] Level 5:colcon.colcon_core.verb:set package 'urdf' build argument 'catkin_cmake_args' from command line to 'None'
[1.199s] Level 5:colcon.colcon_core.verb:set package 'urdf' build argument 'catkin_skip_building_tests' from command line to 'False'
[1.199s] DEBUG:colcon.colcon_core.verb:Building package 'urdf' with the following arguments: {'ament_cmake_args': None, 'build_base': '/home/aarjan/minor_ros/build/urdf', 'catkin_cmake_args': None, 'catkin_skip_building_tests': False, 'cmake_args': None, 'cmake_clean_cache': False, 'cmake_clean_first': False, 'cmake_force_configure': False, 'cmake_target': None, 'cmake_target_skip_unavailable': False, 'install_base': '/home/aarjan/minor_ros/install/urdf', 'merge_install': False, 'path': '/home/aarjan/minor_ros/src/urdf', 'symlink_install': False, 'test_result_base': None}
[1.212s] INFO:colcon.colcon_core.executor:Executing jobs using 'parallel' executor
[1.226s] DEBUG:colcon.colcon_parallel_executor.executor.parallel:run_until_complete
[1.227s] INFO:colcon.colcon_ros.task.ament_python.build:Building ROS package in '/home/aarjan/minor_ros/src/pubsub' with build type 'ament_python'
[1.227s] Level 1:colcon.colcon_core.shell:create_environment_hook('pubsub', 'ament_prefix_path')
[1.240s] INFO:colcon.colcon_core.plugin_system:Skipping extension 'colcon_core.shell.bat': Not used on non-Windows systems
[1.241s] INFO:colcon.colcon_core.shell:Creating environment hook '/home/aarjan/minor_ros/install/pubsub/share/pubsub/hook/ament_prefix_path.ps1'
[1.246s] INFO:colcon.colcon_core.shell:Creating environment descriptor '/home/aarjan/minor_ros/install/pubsub/share/pubsub/hook/ament_prefix_path.dsv'
[1.246s] INFO:colcon.colcon_core.shell:Creating environment hook '/home/aarjan/minor_ros/install/pubsub/share/pubsub/hook/ament_prefix_path.sh'
[1.260s] INFO:colcon.colcon_core.shell:Skip shell extension 'powershell' for command environment: Not usable outside of PowerShell
[1.260s] DEBUG:colcon.colcon_core.shell:Skip shell extension 'dsv' for command environment
[1.302s] INFO:colcon.colcon_ros.task.ament_python.build:Building ROS package in '/home/aarjan/minor_ros/src/urdf' with build type 'ament_python'
[1.302s] Level 1:colcon.colcon_core.shell:create_environment_hook('urdf', 'ament_prefix_path')
[1.315s] INFO:colcon.colcon_core.shell:Creating environment hook '/home/aarjan/minor_ros/install/urdf/share/urdf/hook/ament_prefix_path.ps1'
[1.316s] INFO:colcon.colcon_core.shell:Creating environment descriptor '/home/aarjan/minor_ros/install/urdf/share/urdf/hook/ament_prefix_path.dsv'
[1.316s] INFO:colcon.colcon_core.shell:Creating environment hook '/home/aarjan/minor_ros/install/urdf/share/urdf/hook/ament_prefix_path.sh'
[1.329s] INFO:colcon.colcon_core.shell:Skip shell extension 'powershell' for command environment: Not usable outside of PowerShell
[1.329s] DEBUG:colcon.colcon_core.shell:Skip shell extension 'dsv' for command environment
[1.610s] INFO:colcon.colcon_core.task.python.build:Building Python package in '/home/aarjan/minor_ros/src/pubsub'
[1.623s] INFO:colcon.colcon_core.shell:Skip shell extension 'powershell' for command environment: Not usable outside of PowerShell
[1.623s] DEBUG:colcon.colcon_core.shell:Skip shell extension 'dsv' for command environment
[1.917s] DEBUG:colcon.colcon_parallel_executor.executor.parallel:closing loop
[1.917s] DEBUG:colcon.colcon_parallel_executor.executor.parallel:loop closed
[1.917s] DEBUG:colcon.colcon_parallel_executor.executor.parallel:run_until_complete finished with 'expected str, bytes or os.PathLike object, not list'
[1.917s] DEBUG:colcon.colcon_core.event_reactor:joining thread
[1.934s] INFO:colcon.colcon_core.plugin_system:Skipping extension 'colcon_notification.desktop_notification.terminal_notifier': Not used on non-Darwin systems
[1.934s] INFO:colcon.colcon_core.plugin_system:Skipping extension 'colcon_notification.desktop_notification.win32': Not used on non-Windows systems
[1.934s] INFO:colcon.colcon_notification.desktop_notification:Sending desktop notification using 'notify2'
[1.948s] DEBUG:colcon.colcon_core.event_reactor:joined thread
[1.976s] INFO:colcon.colcon_core.shell:Creating prefix script '/home/aarjan/minor_ros/install/local_setup.ps1'
[1.977s] INFO:colcon.colcon_core.shell:Creating prefix util module '/home/aarjan/minor_ros/install/_local_setup_util_ps1.py'
[1.978s] INFO:colcon.colcon_core.shell:Creating prefix chain script '/home/aarjan/minor_ros/install/setup.ps1'
[1.992s] INFO:colcon.colcon_core.shell:Creating prefix script '/home/aarjan/minor_ros/install/local_setup.sh'
[1.992s] INFO:colcon.colcon_core.shell:Creating prefix util module '/home/aarjan/minor_ros/install/_local_setup_util_sh.py'
[1.992s] INFO:colcon.colcon_core.shell:Creating prefix chain script '/home/aarjan/minor_ros/install/setup.sh'
[2.005s] INFO:colcon.colcon_core.shell:Creating prefix script '/home/aarjan/minor_ros/install/local_setup.bash'
[2.006s] INFO:colcon.colcon_core.shell:Creating prefix chain script '/home/aarjan/minor_ros/install/setup.bash'
[2.019s] INFO:colcon.colcon_core.shell:Creating prefix script '/home/aarjan/minor_ros/install/local_setup.zsh'
[2.020s] INFO:colcon.colcon_core.shell:Creating prefix chain script '/home/aarjan/minor_ros/install/setup.zsh'
