[0.825s] Invoking command in '/home/aarjan/minor_ros/src/pubsub': PYTHONPATH=/home/aarjan/minor_ros/build/pubsub/prefix_override:/home/aarjan/minor_ros/install/pubsub/lib/python3.10/site-packages:${PYTHONPATH} /usr/bin/python3 setup.py egg_info --egg-base ../../build/pubsub build --build-base /home/aarjan/minor_ros/build/pubsub/build install --record /home/aarjan/minor_ros/build/pubsub/install.log --single-version-externally-managed
[1.055s] running egg_info
[1.055s] writing ../../build/pubsub/pubsub.egg-info/PKG-INFO
[1.055s] writing dependency_links to ../../build/pubsub/pubsub.egg-info/dependency_links.txt
[1.055s] writing entry points to ../../build/pubsub/pubsub.egg-info/entry_points.txt
[1.055s] writing requirements to ../../build/pubsub/pubsub.egg-info/requires.txt
[1.056s] writing top-level names to ../../build/pubsub/pubsub.egg-info/top_level.txt
[1.057s] reading manifest file '../../build/pubsub/pubsub.egg-info/SOURCES.txt'
[1.058s] writing manifest file '../../build/pubsub/pubsub.egg-info/SOURCES.txt'
[1.058s] running build
[1.058s] running build_py
[1.058s] copying pubsub/my_vel_subscriber.py -> /home/aarjan/minor_ros/build/pubsub/build/lib/pubsub
[1.058s] running install
[1.058s] running install_lib
[1.059s] copying /home/aarjan/minor_ros/build/pubsub/build/lib/pubsub/my_vel_subscriber.py -> /home/aarjan/minor_ros/install/pubsub/lib/python3.10/site-packages/pubsub
[1.060s] byte-compiling /home/aarjan/minor_ros/install/pubsub/lib/python3.10/site-packages/pubsub/my_vel_subscriber.py to my_vel_subscriber.cpython-310.pyc
[1.061s] running install_data
[1.062s] running install_egg_info
[1.063s] removing '/home/aarjan/minor_ros/install/pubsub/lib/python3.10/site-packages/pubsub-0.0.0-py3.10.egg-info' (and everything under it)
[1.063s] Copying ../../build/pubsub/pubsub.egg-info to /home/aarjan/minor_ros/install/pubsub/lib/python3.10/site-packages/pubsub-0.0.0-py3.10.egg-info
[1.064s] running install_scripts
[1.079s] Installing draw_circle script to /home/aarjan/minor_ros/install/pubsub/lib/pubsub
[1.079s] Installing listener script to /home/aarjan/minor_ros/install/pubsub/lib/pubsub
[1.080s] Installing motor_vel script to /home/aarjan/minor_ros/install/pubsub/lib/pubsub
[1.080s] Installing talker script to /home/aarjan/minor_ros/install/pubsub/lib/pubsub
[1.080s] Installing test_node script to /home/aarjan/minor_ros/install/pubsub/lib/pubsub
[1.080s] Installing turtle_controller script to /home/aarjan/minor_ros/install/pubsub/lib/pubsub
[1.080s] writing list of installed files to '/home/aarjan/minor_ros/build/pubsub/install.log'
[1.109s] Invoked command in '/home/aarjan/minor_ros/src/pubsub' returned '0': PYTHONPATH=/home/aarjan/minor_ros/build/pubsub/prefix_override:/home/aarjan/minor_ros/install/pubsub/lib/python3.10/site-packages:${PYTHONPATH} /usr/bin/python3 setup.py egg_info --egg-base ../../build/pubsub build --build-base /home/aarjan/minor_ros/build/pubsub/build install --record /home/aarjan/minor_ros/build/pubsub/install.log --single-version-externally-managed
