[0.655s] Invoking command in '/home/aarjan/minor_ros/src/pubsub': PYTHONPATH=/home/aarjan/minor_ros/build/pubsub/prefix_override:/home/aarjan/minor_ros/install/pubsub/lib/python3.10/site-packages:${PYTHONPATH} /usr/bin/python3 setup.py egg_info --egg-base ../../build/pubsub build --build-base /home/aarjan/minor_ros/build/pubsub/build install --record /home/aarjan/minor_ros/build/pubsub/install.log --single-version-externally-managed
[0.859s] running egg_info
[0.859s] writing ../../build/pubsub/pubsub.egg-info/PKG-INFO
[0.859s] writing dependency_links to ../../build/pubsub/pubsub.egg-info/dependency_links.txt
[0.859s] writing entry points to ../../build/pubsub/pubsub.egg-info/entry_points.txt
[0.859s] writing requirements to ../../build/pubsub/pubsub.egg-info/requires.txt
[0.859s] writing top-level names to ../../build/pubsub/pubsub.egg-info/top_level.txt
[0.860s] reading manifest file '../../build/pubsub/pubsub.egg-info/SOURCES.txt'
[0.860s] writing manifest file '../../build/pubsub/pubsub.egg-info/SOURCES.txt'
[0.860s] running build
[0.860s] running build_py
[0.860s] copying pubsub/vel_subscriber.py -> /home/aarjan/minor_ros/build/pubsub/build/lib/pubsub
[0.861s] running install
[0.861s] running install_lib
[0.861s] copying /home/aarjan/minor_ros/build/pubsub/build/lib/pubsub/vel_subscriber.py -> /home/aarjan/minor_ros/install/pubsub/lib/python3.10/site-packages/pubsub
[0.861s] byte-compiling /home/aarjan/minor_ros/install/pubsub/lib/python3.10/site-packages/pubsub/vel_subscriber.py to vel_subscriber.cpython-310.pyc
[0.862s] running install_data
[0.862s] running install_egg_info
[0.863s] removing '/home/aarjan/minor_ros/install/pubsub/lib/python3.10/site-packages/pubsub-0.0.0-py3.10.egg-info' (and everything under it)
[0.863s] Copying ../../build/pubsub/pubsub.egg-info to /home/aarjan/minor_ros/install/pubsub/lib/python3.10/site-packages/pubsub-0.0.0-py3.10.egg-info
[0.863s] running install_scripts
[0.875s] Installing listener script to /home/aarjan/minor_ros/install/pubsub/lib/pubsub
[0.876s] Installing talker script to /home/aarjan/minor_ros/install/pubsub/lib/pubsub
[0.876s] writing list of installed files to '/home/aarjan/minor_ros/build/pubsub/install.log'
[0.893s] Invoked command in '/home/aarjan/minor_ros/src/pubsub' returned '0': PYTHONPATH=/home/aarjan/minor_ros/build/pubsub/prefix_override:/home/aarjan/minor_ros/install/pubsub/lib/python3.10/site-packages:${PYTHONPATH} /usr/bin/python3 setup.py egg_info --egg-base ../../build/pubsub build --build-base /home/aarjan/minor_ros/build/pubsub/build install --record /home/aarjan/minor_ros/build/pubsub/install.log --single-version-externally-managed
