[0.210s] Invoking command in '/home/aarjan/minor_ros/build/car_body': CMAKE_PREFIX_PATH=${CMAKE_PREFIX_PATH}:/opt/ros/humble /usr/bin/cmake /home/aarjan/minor_ros/src/car_body -DCMAKE_INSTALL_PREFIX=/home/aarjan/minor_ros/install/car_body
[0.504s] -- The C compiler identification is GNU 11.4.0
[0.505s] -- The CXX compiler identification is GNU 11.4.0
[0.505s] -- Detecting C compiler ABI info
[0.505s] -- Detecting C compiler ABI info - done
[0.505s] -- Check for working C compiler: /usr/bin/cc - skipped
[0.505s] -- Detecting C compile features
[0.505s] -- Detecting C compile features - done
[0.506s] -- Detecting CXX compiler ABI info
[0.506s] -- Detecting CXX compiler ABI info - done
[0.506s] -- Check for working CXX compiler: /usr/bin/c++ - skipped
[0.506s] -- Detecting CXX compile features
[0.506s] -- Detecting CXX compile features - done
[0.506s] -- Found ament_cmake: 1.3.5 (/opt/ros/humble/share/ament_cmake/cmake)
[0.725s] -- Found Python3: /usr/bin/python3.10 (found version "3.10.12") found components: Interpreter 
[0.797s] -- Found ament_lint_auto: 0.12.8 (/opt/ros/humble/share/ament_lint_auto/cmake)
[0.868s] -- Added test 'flake8' to check Python code syntax and style conventions
[0.869s] -- Added test 'lint_cmake' to check CMake code style
[0.869s] -- Added test 'pep257' to check Python code against some of the docstring style conventions in PEP 257
[0.871s] -- Added test 'xmllint' to check XML markup files
[0.873s] -- Configuring done
[0.875s] -- Generating done
[0.875s] -- Build files have been written to: /home/aarjan/minor_ros/build/car_body
[0.880s] Invoked command in '/home/aarjan/minor_ros/build/car_body' returned '0': CMAKE_PREFIX_PATH=${CMAKE_PREFIX_PATH}:/opt/ros/humble /usr/bin/cmake /home/aarjan/minor_ros/src/car_body -DCMAKE_INSTALL_PREFIX=/home/aarjan/minor_ros/install/car_body
[0.881s] Invoking command in '/home/aarjan/minor_ros/build/car_body': CMAKE_PREFIX_PATH=${CMAKE_PREFIX_PATH}:/opt/ros/humble /usr/bin/cmake --build /home/aarjan/minor_ros/build/car_body -- -j12 -l12
[0.893s] Invoked command in '/home/aarjan/minor_ros/build/car_body' returned '0': CMAKE_PREFIX_PATH=${CMAKE_PREFIX_PATH}:/opt/ros/humble /usr/bin/cmake --build /home/aarjan/minor_ros/build/car_body -- -j12 -l12
[0.905s] Invoking command in '/home/aarjan/minor_ros/build/car_body': CMAKE_PREFIX_PATH=${CMAKE_PREFIX_PATH}:/opt/ros/humble /usr/bin/cmake --install /home/aarjan/minor_ros/build/car_body
[0.906s] -- Install configuration: ""
[0.906s] -- Installing: /home/aarjan/minor_ros/install/car_body/share/car_body/description
[0.906s] -- Installing: /home/aarjan/minor_ros/install/car_body/share/car_body/description/color.urdf.xacro
[0.907s] -- Installing: /home/aarjan/minor_ros/install/car_body/share/car_body/description/car.urdf.xacro
[0.907s] -- Installing: /home/aarjan/minor_ros/install/car_body/share/car_body/launch
[0.907s] -- Installing: /home/aarjan/minor_ros/install/car_body/share/car_body/launch/car.launch.py
[0.907s] -- Installing: /home/aarjan/minor_ros/install/car_body/share/ament_index/resource_index/package_run_dependencies/car_body
[0.907s] -- Installing: /home/aarjan/minor_ros/install/car_body/share/ament_index/resource_index/parent_prefix_path/car_body
[0.907s] -- Installing: /home/aarjan/minor_ros/install/car_body/share/car_body/environment/ament_prefix_path.sh
[0.908s] -- Installing: /home/aarjan/minor_ros/install/car_body/share/car_body/environment/ament_prefix_path.dsv
[0.908s] -- Installing: /home/aarjan/minor_ros/install/car_body/share/car_body/environment/path.sh
[0.908s] -- Installing: /home/aarjan/minor_ros/install/car_body/share/car_body/environment/path.dsv
[0.908s] -- Installing: /home/aarjan/minor_ros/install/car_body/share/car_body/local_setup.bash
[0.908s] -- Installing: /home/aarjan/minor_ros/install/car_body/share/car_body/local_setup.sh
[0.908s] -- Installing: /home/aarjan/minor_ros/install/car_body/share/car_body/local_setup.zsh
[0.908s] -- Installing: /home/aarjan/minor_ros/install/car_body/share/car_body/local_setup.dsv
[0.909s] -- Installing: /home/aarjan/minor_ros/install/car_body/share/car_body/package.dsv
[0.909s] -- Installing: /home/aarjan/minor_ros/install/car_body/share/ament_index/resource_index/packages/car_body
[0.910s] -- Installing: /home/aarjan/minor_ros/install/car_body/share/car_body/cmake/car_bodyConfig.cmake
[0.910s] -- Installing: /home/aarjan/minor_ros/install/car_body/share/car_body/cmake/car_bodyConfig-version.cmake
[0.910s] -- Installing: /home/aarjan/minor_ros/install/car_body/share/car_body/package.xml
[0.910s] Invoked command in '/home/aarjan/minor_ros/build/car_body' returned '0': CMAKE_PREFIX_PATH=${CMAKE_PREFIX_PATH}:/opt/ros/humble /usr/bin/cmake --install /home/aarjan/minor_ros/build/car_body
