[0.839s] DEBUG:colcon:Command line arguments: ['/usr/bin/colcon', 'build']
[0.839s] DEBUG:colcon:Parsed command line arguments: Namespace(log_base=None, log_level=None, verb_name='build', build_base='build', install_base='install', merge_install=False, symlink_install=False, test_result_base=None, continue_on_error=False, executor='parallel', parallel_workers=12, event_handlers=None, ignore_user_meta=False, metas=['./colcon.meta'], base_paths=['.'], packages_ignore=None, packages_ignore_regex=None, paths=None, packages_up_to=None, packages_up_to_regex=None, packages_above=None, packages_above_and_dependencies=None, packages_above_depth=None, packages_select_by_dep=None, packages_skip_by_dep=None, packages_skip_up_to=None, packages_select_build_failed=False, packages_skip_build_finished=False, packages_select_test_failures=False, packages_skip_test_passed=False, packages_select=None, packages_skip=None, packages_select_regex=None, packages_skip_regex=None, packages_start=None, packages_end=None, allow_overriding=[], cmake_args=None, cmake_target=None, cmake_target_skip_unavailable=False, cmake_clean_cache=False, cmake_clean_first=False, cmake_force_configure=False, ament_cmake_args=None, catkin_cmake_args=None, catkin_skip_building_tests=False, verb_parser=<colcon_defaults.argument_parser.defaults.DefaultArgumentsDecorator object at 0x7fb2da124ca0>, verb_extension=<colcon_core.verb.build.BuildVerb object at 0x7fb2da1268c0>, main=<bound method BuildVerb.main of <colcon_core.verb.build.BuildVerb object at 0x7fb2da1268c0>>)
[0.873s] Level 1:colcon.colcon_core.package_discovery:discover_packages(colcon_meta) check parameters
[0.873s] Level 1:colcon.colcon_core.package_discovery:discover_packages(recursive) check parameters
[0.873s] Level 1:colcon.colcon_core.package_discovery:discover_packages(ignore) check parameters
[0.873s] Level 1:colcon.colcon_core.package_discovery:discover_packages(path) check parameters
[0.873s] Level 1:colcon.colcon_core.package_discovery:discover_packages(colcon_meta) discover
[0.873s] Level 1:colcon.colcon_core.package_discovery:discover_packages(recursive) discover
[0.873s] INFO:colcon.colcon_core.package_discovery:Crawling recursively for packages in '/home/aarjan/minor_ros'
[0.873s] Level 1:colcon.colcon_core.package_identification:_identify(.) by extensions ['ignore', 'ignore_ament_install']
[0.873s] Level 1:colcon.colcon_core.package_identification:_identify(.) by extension 'ignore'
[0.873s] Level 1:colcon.colcon_core.package_identification:_identify(.) by extension 'ignore_ament_install'
[0.873s] Level 1:colcon.colcon_core.package_identification:_identify(.) by extensions ['colcon_pkg']
[0.873s] Level 1:colcon.colcon_core.package_identification:_identify(.) by extension 'colcon_pkg'
[0.873s] Level 1:colcon.colcon_core.package_identification:_identify(.) by extensions ['colcon_meta']
[0.873s] Level 1:colcon.colcon_core.package_identification:_identify(.) by extension 'colcon_meta'
[0.873s] Level 1:colcon.colcon_core.package_identification:_identify(.) by extensions ['ros']
[0.873s] Level 1:colcon.colcon_core.package_identification:_identify(.) by extension 'ros'
[0.886s] Level 1:colcon.colcon_core.package_identification:_identify(.) by extensions ['cmake', 'python']
[0.886s] Level 1:colcon.colcon_core.package_identification:_identify(.) by extension 'cmake'
[0.887s] Level 1:colcon.colcon_core.package_identification:_identify(.) by extension 'python'
[0.887s] Level 1:colcon.colcon_core.package_identification:_identify(.) by extensions ['python_setup_py']
[0.887s] Level 1:colcon.colcon_core.package_identification:_identify(.) by extension 'python_setup_py'
[0.887s] Level 1:colcon.colcon_core.package_identification:_identify(build) by extensions ['ignore', 'ignore_ament_install']
[0.887s] Level 1:colcon.colcon_core.package_identification:_identify(build) by extension 'ignore'
[0.887s] Level 1:colcon.colcon_core.package_identification:_identify(build) ignored
[0.887s] Level 1:colcon.colcon_core.package_identification:_identify(install) by extensions ['ignore', 'ignore_ament_install']
[0.887s] Level 1:colcon.colcon_core.package_identification:_identify(install) by extension 'ignore'
[0.887s] Level 1:colcon.colcon_core.package_identification:_identify(install) ignored
[0.887s] Level 1:colcon.colcon_core.package_identification:_identify(log) by extensions ['ignore', 'ignore_ament_install']
[0.887s] Level 1:colcon.colcon_core.package_identification:_identify(log) by extension 'ignore'
[0.887s] Level 1:colcon.colcon_core.package_identification:_identify(log) ignored
[0.887s] Level 1:colcon.colcon_core.package_identification:_identify(src) by extensions ['ignore', 'ignore_ament_install']
[0.887s] Level 1:colcon.colcon_core.package_identification:_identify(src) by extension 'ignore'
[0.887s] Level 1:colcon.colcon_core.package_identification:_identify(src) by extension 'ignore_ament_install'
[0.887s] Level 1:colcon.colcon_core.package_identification:_identify(src) by extensions ['colcon_pkg']
[0.887s] Level 1:colcon.colcon_core.package_identification:_identify(src) by extension 'colcon_pkg'
[0.887s] Level 1:colcon.colcon_core.package_identification:_identify(src) by extensions ['colcon_meta']
[0.887s] Level 1:colcon.colcon_core.package_identification:_identify(src) by extension 'colcon_meta'
[0.887s] Level 1:colcon.colcon_core.package_identification:_identify(src) by extensions ['ros']
[0.887s] Level 1:colcon.colcon_core.package_identification:_identify(src) by extension 'ros'
[0.887s] Level 1:colcon.colcon_core.package_identification:_identify(src) by extensions ['cmake', 'python']
[0.887s] Level 1:colcon.colcon_core.package_identification:_identify(src) by extension 'cmake'
[0.887s] Level 1:colcon.colcon_core.package_identification:_identify(src) by extension 'python'
[0.887s] Level 1:colcon.colcon_core.package_identification:_identify(src) by extensions ['python_setup_py']
[0.887s] Level 1:colcon.colcon_core.package_identification:_identify(src) by extension 'python_setup_py'
[0.887s] Level 1:colcon.colcon_core.package_identification:_identify(src/car_body) by extensions ['ignore', 'ignore_ament_install']
[0.888s] Level 1:colcon.colcon_core.package_identification:_identify(src/car_body) by extension 'ignore'
[0.888s] Level 1:colcon.colcon_core.package_identification:_identify(src/car_body) by extension 'ignore_ament_install'
[0.888s] Level 1:colcon.colcon_core.package_identification:_identify(src/car_body) by extensions ['colcon_pkg']
[0.888s] Level 1:colcon.colcon_core.package_identification:_identify(src/car_body) by extension 'colcon_pkg'
[0.888s] Level 1:colcon.colcon_core.package_identification:_identify(src/car_body) by extensions ['colcon_meta']
[0.888s] Level 1:colcon.colcon_core.package_identification:_identify(src/car_body) by extension 'colcon_meta'
[0.888s] Level 1:colcon.colcon_core.package_identification:_identify(src/car_body) by extensions ['ros']
[0.888s] Level 1:colcon.colcon_core.package_identification:_identify(src/car_body) by extension 'ros'
[0.889s] DEBUG:colcon.colcon_core.package_identification:Package 'src/car_body' with type 'ros.ament_cmake' and name 'car_body'
[0.889s] Level 1:colcon.colcon_core.package_identification:_identify(src/car_urdf) by extensions ['ignore', 'ignore_ament_install']
[0.889s] Level 1:colcon.colcon_core.package_identification:_identify(src/car_urdf) by extension 'ignore'
[0.889s] Level 1:colcon.colcon_core.package_identification:_identify(src/car_urdf) by extension 'ignore_ament_install'
[0.889s] Level 1:colcon.colcon_core.package_identification:_identify(src/car_urdf) by extensions ['colcon_pkg']
[0.889s] Level 1:colcon.colcon_core.package_identification:_identify(src/car_urdf) by extension 'colcon_pkg'
[0.889s] Level 1:colcon.colcon_core.package_identification:_identify(src/car_urdf) by extensions ['colcon_meta']
[0.889s] Level 1:colcon.colcon_core.package_identification:_identify(src/car_urdf) by extension 'colcon_meta'
[0.889s] Level 1:colcon.colcon_core.package_identification:_identify(src/car_urdf) by extensions ['ros']
[0.889s] Level 1:colcon.colcon_core.package_identification:_identify(src/car_urdf) by extension 'ros'
[0.890s] DEBUG:colcon.colcon_core.package_identification:Package 'src/car_urdf' with type 'ros.ament_python' and name 'car_urdf'
[0.890s] Level 1:colcon.colcon_core.package_identification:_identify(src/pubsub) by extensions ['ignore', 'ignore_ament_install']
[0.890s] Level 1:colcon.colcon_core.package_identification:_identify(src/pubsub) by extension 'ignore'
[0.890s] Level 1:colcon.colcon_core.package_identification:_identify(src/pubsub) by extension 'ignore_ament_install'
[0.890s] Level 1:colcon.colcon_core.package_identification:_identify(src/pubsub) by extensions ['colcon_pkg']
[0.890s] Level 1:colcon.colcon_core.package_identification:_identify(src/pubsub) by extension 'colcon_pkg'
[0.890s] Level 1:colcon.colcon_core.package_identification:_identify(src/pubsub) by extensions ['colcon_meta']
[0.890s] Level 1:colcon.colcon_core.package_identification:_identify(src/pubsub) by extension 'colcon_meta'
[0.890s] Level 1:colcon.colcon_core.package_identification:_identify(src/pubsub) by extensions ['ros']
[0.890s] Level 1:colcon.colcon_core.package_identification:_identify(src/pubsub) by extension 'ros'
[0.890s] DEBUG:colcon.colcon_core.package_identification:Package 'src/pubsub' with type 'ros.ament_python' and name 'pubsub'
[0.890s] Level 1:colcon.colcon_core.package_discovery:discover_packages(recursive) using defaults
[0.890s] Level 1:colcon.colcon_core.package_discovery:discover_packages(ignore) discover
[0.890s] Level 1:colcon.colcon_core.package_discovery:discover_packages(ignore) using defaults
[0.890s] Level 1:colcon.colcon_core.package_discovery:discover_packages(path) discover
[0.890s] Level 1:colcon.colcon_core.package_discovery:discover_packages(path) using defaults
[0.958s] Level 1:colcon.colcon_core.package_discovery:discover_packages(prefix_path) check parameters
[0.959s] Level 1:colcon.colcon_core.package_discovery:discover_packages(prefix_path) discover
[0.987s] DEBUG:colcon.colcon_installed_package_information.package_discovery:Found 3 installed packages in /home/aarjan/minor_ros/install
[0.999s] DEBUG:colcon.colcon_installed_package_information.package_discovery:Found 1 installed packages in /home/aarjan/ros/dev_ws/install
[1.011s] DEBUG:colcon.colcon_installed_package_information.package_discovery:Found 434 installed packages in /opt/ros/humble
[1.012s] Level 1:colcon.colcon_core.package_discovery:discover_packages(prefix_path) using defaults
[1.092s] Level 5:colcon.colcon_core.verb:set package 'car_body' build argument 'cmake_args' from command line to 'None'
[1.092s] Level 5:colcon.colcon_core.verb:set package 'car_body' build argument 'cmake_target' from command line to 'None'
[1.092s] Level 5:colcon.colcon_core.verb:set package 'car_body' build argument 'cmake_target_skip_unavailable' from command line to 'False'
[1.092s] Level 5:colcon.colcon_core.verb:set package 'car_body' build argument 'cmake_clean_cache' from command line to 'False'
[1.092s] Level 5:colcon.colcon_core.verb:set package 'car_body' build argument 'cmake_clean_first' from command line to 'False'
[1.092s] Level 5:colcon.colcon_core.verb:set package 'car_body' build argument 'cmake_force_configure' from command line to 'False'
[1.092s] Level 5:colcon.colcon_core.verb:set package 'car_body' build argument 'ament_cmake_args' from command line to 'None'
[1.092s] Level 5:colcon.colcon_core.verb:set package 'car_body' build argument 'catkin_cmake_args' from command line to 'None'
[1.092s] Level 5:colcon.colcon_core.verb:set package 'car_body' build argument 'catkin_skip_building_tests' from command line to 'False'
[1.092s] DEBUG:colcon.colcon_core.verb:Building package 'car_body' with the following arguments: {'ament_cmake_args': None, 'build_base': '/home/aarjan/minor_ros/build/car_body', 'catkin_cmake_args': None, 'catkin_skip_building_tests': False, 'cmake_args': None, 'cmake_clean_cache': False, 'cmake_clean_first': False, 'cmake_force_configure': False, 'cmake_target': None, 'cmake_target_skip_unavailable': False, 'install_base': '/home/aarjan/minor_ros/install/car_body', 'merge_install': False, 'path': '/home/aarjan/minor_ros/src/car_body', 'symlink_install': False, 'test_result_base': None}
[1.107s] Level 5:colcon.colcon_core.verb:set package 'car_urdf' build argument 'cmake_args' from command line to 'None'
[1.107s] Level 5:colcon.colcon_core.verb:set package 'car_urdf' build argument 'cmake_target' from command line to 'None'
[1.107s] Level 5:colcon.colcon_core.verb:set package 'car_urdf' build argument 'cmake_target_skip_unavailable' from command line to 'False'
[1.107s] Level 5:colcon.colcon_core.verb:set package 'car_urdf' build argument 'cmake_clean_cache' from command line to 'False'
[1.107s] Level 5:colcon.colcon_core.verb:set package 'car_urdf' build argument 'cmake_clean_first' from command line to 'False'
[1.107s] Level 5:colcon.colcon_core.verb:set package 'car_urdf' build argument 'cmake_force_configure' from command line to 'False'
[1.107s] Level 5:colcon.colcon_core.verb:set package 'car_urdf' build argument 'ament_cmake_args' from command line to 'None'
[1.107s] Level 5:colcon.colcon_core.verb:set package 'car_urdf' build argument 'catkin_cmake_args' from command line to 'None'
[1.107s] Level 5:colcon.colcon_core.verb:set package 'car_urdf' build argument 'catkin_skip_building_tests' from command line to 'False'
[1.107s] DEBUG:colcon.colcon_core.verb:Building package 'car_urdf' with the following arguments: {'ament_cmake_args': None, 'build_base': '/home/aarjan/minor_ros/build/car_urdf', 'catkin_cmake_args': None, 'catkin_skip_building_tests': False, 'cmake_args': None, 'cmake_clean_cache': False, 'cmake_clean_first': False, 'cmake_force_configure': False, 'cmake_target': None, 'cmake_target_skip_unavailable': False, 'install_base': '/home/aarjan/minor_ros/install/car_urdf', 'merge_install': False, 'path': '/home/aarjan/minor_ros/src/car_urdf', 'symlink_install': False, 'test_result_base': None}
[1.121s] Level 5:colcon.colcon_core.verb:set package 'pubsub' build argument 'cmake_args' from command line to 'None'
[1.121s] Level 5:colcon.colcon_core.verb:set package 'pubsub' build argument 'cmake_target' from command line to 'None'
[1.121s] Level 5:colcon.colcon_core.verb:set package 'pubsub' build argument 'cmake_target_skip_unavailable' from command line to 'False'
[1.121s] Level 5:colcon.colcon_core.verb:set package 'pubsub' build argument 'cmake_clean_cache' from command line to 'False'
[1.121s] Level 5:colcon.colcon_core.verb:set package 'pubsub' build argument 'cmake_clean_first' from command line to 'False'
[1.121s] Level 5:colcon.colcon_core.verb:set package 'pubsub' build argument 'cmake_force_configure' from command line to 'False'
[1.121s] Level 5:colcon.colcon_core.verb:set package 'pubsub' build argument 'ament_cmake_args' from command line to 'None'
[1.121s] Level 5:colcon.colcon_core.verb:set package 'pubsub' build argument 'catkin_cmake_args' from command line to 'None'
[1.121s] Level 5:colcon.colcon_core.verb:set package 'pubsub' build argument 'catkin_skip_building_tests' from command line to 'False'
[1.121s] DEBUG:colcon.colcon_core.verb:Building package 'pubsub' with the following arguments: {'ament_cmake_args': None, 'build_base': '/home/aarjan/minor_ros/build/pubsub', 'catkin_cmake_args': None, 'catkin_skip_building_tests': False, 'cmake_args': None, 'cmake_clean_cache': False, 'cmake_clean_first': False, 'cmake_force_configure': False, 'cmake_target': None, 'cmake_target_skip_unavailable': False, 'install_base': '/home/aarjan/minor_ros/install/pubsub', 'merge_install': False, 'path': '/home/aarjan/minor_ros/src/pubsub', 'symlink_install': False, 'test_result_base': None}
[1.135s] INFO:colcon.colcon_core.executor:Executing jobs using 'parallel' executor
[1.150s] DEBUG:colcon.colcon_parallel_executor.executor.parallel:run_until_complete
[1.150s] INFO:colcon.colcon_ros.task.ament_cmake.build:Building ROS package in '/home/aarjan/minor_ros/src/car_body' with build type 'ament_cmake'
[1.150s] INFO:colcon.colcon_cmake.task.cmake.build:Building CMake package in '/home/aarjan/minor_ros/src/car_body'
[1.165s] INFO:colcon.colcon_core.plugin_system:Skipping extension 'colcon_core.shell.bat': Not used on non-Windows systems
[1.165s] INFO:colcon.colcon_core.shell:Skip shell extension 'powershell' for command environment: Not usable outside of PowerShell
[1.165s] DEBUG:colcon.colcon_core.shell:Skip shell extension 'dsv' for command environment
[1.221s] INFO:colcon.colcon_ros.task.ament_python.build:Building ROS package in '/home/aarjan/minor_ros/src/car_urdf' with build type 'ament_python'
[1.221s] Level 1:colcon.colcon_core.shell:create_environment_hook('car_urdf', 'ament_prefix_path')
[1.234s] INFO:colcon.colcon_core.shell:Creating environment hook '/home/aarjan/minor_ros/install/car_urdf/share/car_urdf/hook/ament_prefix_path.ps1'
[1.234s] INFO:colcon.colcon_core.shell:Creating environment descriptor '/home/aarjan/minor_ros/install/car_urdf/share/car_urdf/hook/ament_prefix_path.dsv'
[1.235s] INFO:colcon.colcon_core.shell:Creating environment hook '/home/aarjan/minor_ros/install/car_urdf/share/car_urdf/hook/ament_prefix_path.sh'
[1.248s] INFO:colcon.colcon_core.shell:Skip shell extension 'powershell' for command environment: Not usable outside of PowerShell
[1.248s] DEBUG:colcon.colcon_core.shell:Skip shell extension 'dsv' for command environment
[1.304s] INFO:colcon.colcon_ros.task.ament_python.build:Building ROS package in '/home/aarjan/minor_ros/src/pubsub' with build type 'ament_python'
[1.304s] Level 1:colcon.colcon_core.shell:create_environment_hook('pubsub', 'ament_prefix_path')
[1.317s] INFO:colcon.colcon_core.shell:Creating environment hook '/home/aarjan/minor_ros/install/pubsub/share/pubsub/hook/ament_prefix_path.ps1'
[1.318s] INFO:colcon.colcon_core.shell:Creating environment descriptor '/home/aarjan/minor_ros/install/pubsub/share/pubsub/hook/ament_prefix_path.dsv'
[1.318s] INFO:colcon.colcon_core.shell:Creating environment hook '/home/aarjan/minor_ros/install/pubsub/share/pubsub/hook/ament_prefix_path.sh'
[1.331s] INFO:colcon.colcon_core.shell:Skip shell extension 'powershell' for command environment: Not usable outside of PowerShell
[1.331s] DEBUG:colcon.colcon_core.shell:Skip shell extension 'dsv' for command environment
[1.389s] DEBUG:colcon.colcon_core.event_handler.log_command:Invoking command in '/home/aarjan/minor_ros/build/car_body': CMAKE_PREFIX_PATH=${CMAKE_PREFIX_PATH}:/home/aarjan/minor_ros/install/pubsub:/home/aarjan/minor_ros/install/car_urdf:/opt/ros/humble /usr/bin/cmake --build /home/aarjan/minor_ros/build/car_body -- -j12 -l12
[1.627s] INFO:colcon.colcon_core.task.python.build:Building Python package in '/home/aarjan/minor_ros/src/car_urdf'
[1.641s] INFO:colcon.colcon_core.shell:Skip shell extension 'powershell' for command environment: Not usable outside of PowerShell
[1.641s] DEBUG:colcon.colcon_core.shell:Skip shell extension 'dsv' for command environment
[1.933s] INFO:colcon.colcon_core.task.python.build:Building Python package in '/home/aarjan/minor_ros/src/pubsub'
[1.949s] INFO:colcon.colcon_core.shell:Skip shell extension 'powershell' for command environment: Not usable outside of PowerShell
[1.949s] DEBUG:colcon.colcon_core.shell:Skip shell extension 'dsv' for command environment
[2.007s] DEBUG:colcon.colcon_core.event_handler.log_command:Invoked command in '/home/aarjan/minor_ros/build/car_body' returned '0': CMAKE_PREFIX_PATH=${CMAKE_PREFIX_PATH}:/home/aarjan/minor_ros/install/pubsub:/home/aarjan/minor_ros/install/car_urdf:/opt/ros/humble /usr/bin/cmake --build /home/aarjan/minor_ros/build/car_body -- -j12 -l12
[2.020s] DEBUG:colcon.colcon_core.event_handler.log_command:Invoking command in '/home/aarjan/minor_ros/build/car_body': CMAKE_PREFIX_PATH=${CMAKE_PREFIX_PATH}:/home/aarjan/minor_ros/install/pubsub:/home/aarjan/minor_ros/install/car_urdf:/opt/ros/humble /usr/bin/cmake --install /home/aarjan/minor_ros/build/car_body
[2.024s] Level 1:colcon.colcon_core.environment:create_environment_scripts_only(car_body)
[2.024s] DEBUG:colcon.colcon_core.event_handler.log_command:Invoked command in '/home/aarjan/minor_ros/build/car_body' returned '0': CMAKE_PREFIX_PATH=${CMAKE_PREFIX_PATH}:/home/aarjan/minor_ros/install/pubsub:/home/aarjan/minor_ros/install/car_urdf:/opt/ros/humble /usr/bin/cmake --install /home/aarjan/minor_ros/build/car_body
[2.038s] Level 1:colcon.colcon_core.environment:checking '/home/aarjan/minor_ros/install/car_body' for CMake module files
[2.039s] Level 1:colcon.colcon_core.environment:checking '/home/aarjan/minor_ros/install/car_body' for CMake config files
[2.039s] Level 1:colcon.colcon_core.shell:create_environment_hook('car_body', 'cmake_prefix_path')
[2.052s] INFO:colcon.colcon_core.shell:Creating environment hook '/home/aarjan/minor_ros/install/car_body/share/car_body/hook/cmake_prefix_path.ps1'
[2.052s] INFO:colcon.colcon_core.shell:Creating environment descriptor '/home/aarjan/minor_ros/install/car_body/share/car_body/hook/cmake_prefix_path.dsv'
[2.052s] INFO:colcon.colcon_core.shell:Creating environment hook '/home/aarjan/minor_ros/install/car_body/share/car_body/hook/cmake_prefix_path.sh'
[2.053s] Level 1:colcon.colcon_core.environment:checking '/home/aarjan/minor_ros/install/car_body/bin'
[2.053s] Level 1:colcon.colcon_core.environment:checking '/home/aarjan/minor_ros/install/car_body/lib/pkgconfig/car_body.pc'
[2.053s] Level 1:colcon.colcon_core.environment:checking '/home/aarjan/minor_ros/install/car_body/lib/python3.10/site-packages'
[2.053s] Level 1:colcon.colcon_core.environment:checking '/home/aarjan/minor_ros/install/car_body/bin'
[2.067s] INFO:colcon.colcon_core.shell:Creating package script '/home/aarjan/minor_ros/install/car_body/share/car_body/package.ps1'
[2.068s] INFO:colcon.colcon_core.shell:Creating package descriptor '/home/aarjan/minor_ros/install/car_body/share/car_body/package.dsv'
[2.069s] INFO:colcon.colcon_core.shell:Creating package script '/home/aarjan/minor_ros/install/car_body/share/car_body/package.sh'
[2.069s] INFO:colcon.colcon_core.shell:Creating package script '/home/aarjan/minor_ros/install/car_body/share/car_body/package.bash'
[2.070s] INFO:colcon.colcon_core.shell:Creating package script '/home/aarjan/minor_ros/install/car_body/share/car_body/package.zsh'
[2.070s] Level 1:colcon.colcon_core.environment:create_file_with_runtime_dependencies(/home/aarjan/minor_ros/install/car_body/share/colcon-core/packages/car_body)
[2.094s] Level 1:colcon.colcon_core.environment:create_environment_scripts_only(car_body)
[2.107s] Level 1:colcon.colcon_core.environment:checking '/home/aarjan/minor_ros/install/car_body' for CMake module files
[2.107s] Level 1:colcon.colcon_core.environment:checking '/home/aarjan/minor_ros/install/car_body' for CMake config files
[2.107s] Level 1:colcon.colcon_core.shell:create_environment_hook('car_body', 'cmake_prefix_path')
[2.119s] INFO:colcon.colcon_core.shell:Creating environment hook '/home/aarjan/minor_ros/install/car_body/share/car_body/hook/cmake_prefix_path.ps1'
[2.119s] INFO:colcon.colcon_core.shell:Creating environment descriptor '/home/aarjan/minor_ros/install/car_body/share/car_body/hook/cmake_prefix_path.dsv'
[2.120s] INFO:colcon.colcon_core.shell:Creating environment hook '/home/aarjan/minor_ros/install/car_body/share/car_body/hook/cmake_prefix_path.sh'
[2.120s] Level 1:colcon.colcon_core.environment:checking '/home/aarjan/minor_ros/install/car_body/bin'
[2.120s] Level 1:colcon.colcon_core.environment:checking '/home/aarjan/minor_ros/install/car_body/lib/pkgconfig/car_body.pc'
[2.120s] Level 1:colcon.colcon_core.environment:checking '/home/aarjan/minor_ros/install/car_body/lib/python3.10/site-packages'
[2.120s] Level 1:colcon.colcon_core.environment:checking '/home/aarjan/minor_ros/install/car_body/bin'
[2.132s] INFO:colcon.colcon_core.shell:Creating package script '/home/aarjan/minor_ros/install/car_body/share/car_body/package.ps1'
[2.133s] INFO:colcon.colcon_core.shell:Creating package descriptor '/home/aarjan/minor_ros/install/car_body/share/car_body/package.dsv'
[2.133s] INFO:colcon.colcon_core.shell:Creating package script '/home/aarjan/minor_ros/install/car_body/share/car_body/package.sh'
[2.133s] INFO:colcon.colcon_core.shell:Creating package script '/home/aarjan/minor_ros/install/car_body/share/car_body/package.bash'
[2.133s] INFO:colcon.colcon_core.shell:Creating package script '/home/aarjan/minor_ros/install/car_body/share/car_body/package.zsh'
[2.134s] Level 1:colcon.colcon_core.environment:create_file_with_runtime_dependencies(/home/aarjan/minor_ros/install/car_body/share/colcon-core/packages/car_body)
[2.355s] DEBUG:colcon.colcon_core.event_handler.log_command:Invoking command in '/home/aarjan/minor_ros/src/pubsub': PYTHONPATH=/home/aarjan/minor_ros/build/pubsub/prefix_override:/home/aarjan/minor_ros/install/pubsub/lib/python3.10/site-packages:${PYTHONPATH} /usr/bin/python3 setup.py egg_info --egg-base ../../build/pubsub build --build-base /home/aarjan/minor_ros/build/pubsub/build install --record /home/aarjan/minor_ros/build/pubsub/install.log --single-version-externally-managed
[2.357s] DEBUG:colcon.colcon_core.event_handler.log_command:Invoking command in '/home/aarjan/minor_ros/src/car_urdf': PYTHONPATH=/home/aarjan/minor_ros/build/car_urdf/prefix_override:/home/aarjan/minor_ros/install/car_urdf/lib/python3.10/site-packages:${PYTHONPATH} /usr/bin/python3 setup.py egg_info --egg-base ../../build/car_urdf build --build-base /home/aarjan/minor_ros/build/car_urdf/build install --record /home/aarjan/minor_ros/build/car_urdf/install.log --single-version-externally-managed
[2.608s] DEBUG:colcon.colcon_core.event_handler.log_command:Invoked command in '/home/aarjan/minor_ros/src/car_urdf' returned '0': PYTHONPATH=/home/aarjan/minor_ros/build/car_urdf/prefix_override:/home/aarjan/minor_ros/install/car_urdf/lib/python3.10/site-packages:${PYTHONPATH} /usr/bin/python3 setup.py egg_info --egg-base ../../build/car_urdf build --build-base /home/aarjan/minor_ros/build/car_urdf/build install --record /home/aarjan/minor_ros/build/car_urdf/install.log --single-version-externally-managed
[2.621s] Level 1:colcon.colcon_core.environment:checking '/home/aarjan/minor_ros/install/car_urdf' for CMake module files
[2.621s] Level 1:colcon.colcon_core.environment:checking '/home/aarjan/minor_ros/install/car_urdf' for CMake config files
[2.622s] Level 1:colcon.colcon_core.environment:checking '/home/aarjan/minor_ros/install/car_urdf/lib'
[2.622s] Level 1:colcon.colcon_core.environment:checking '/home/aarjan/minor_ros/install/car_urdf/bin'
[2.622s] Level 1:colcon.colcon_core.environment:checking '/home/aarjan/minor_ros/install/car_urdf/lib/pkgconfig/car_urdf.pc'
[2.622s] Level 1:colcon.colcon_core.environment:checking '/home/aarjan/minor_ros/install/car_urdf/lib/python3.10/site-packages'
[2.622s] Level 1:colcon.colcon_core.shell:create_environment_hook('car_urdf', 'pythonpath')
[2.636s] INFO:colcon.colcon_core.shell:Creating environment hook '/home/aarjan/minor_ros/install/car_urdf/share/car_urdf/hook/pythonpath.ps1'
[2.636s] INFO:colcon.colcon_core.shell:Creating environment descriptor '/home/aarjan/minor_ros/install/car_urdf/share/car_urdf/hook/pythonpath.dsv'
[2.636s] INFO:colcon.colcon_core.shell:Creating environment hook '/home/aarjan/minor_ros/install/car_urdf/share/car_urdf/hook/pythonpath.sh'
[2.636s] Level 1:colcon.colcon_core.environment:checking '/home/aarjan/minor_ros/install/car_urdf/bin'
[2.636s] Level 1:colcon.colcon_core.environment:create_environment_scripts_only(car_urdf)
[2.650s] INFO:colcon.colcon_core.shell:Creating package script '/home/aarjan/minor_ros/install/car_urdf/share/car_urdf/package.ps1'
[2.651s] INFO:colcon.colcon_core.shell:Creating package descriptor '/home/aarjan/minor_ros/install/car_urdf/share/car_urdf/package.dsv'
[2.651s] INFO:colcon.colcon_core.shell:Creating package script '/home/aarjan/minor_ros/install/car_urdf/share/car_urdf/package.sh'
[2.651s] INFO:colcon.colcon_core.shell:Creating package script '/home/aarjan/minor_ros/install/car_urdf/share/car_urdf/package.bash'
[2.651s] INFO:colcon.colcon_core.shell:Creating package script '/home/aarjan/minor_ros/install/car_urdf/share/car_urdf/package.zsh'
[2.651s] Level 1:colcon.colcon_core.environment:create_file_with_runtime_dependencies(/home/aarjan/minor_ros/install/car_urdf/share/colcon-core/packages/car_urdf)
[2.653s] DEBUG:colcon.colcon_core.event_handler.log_command:Invoked command in '/home/aarjan/minor_ros/src/pubsub' returned '0': PYTHONPATH=/home/aarjan/minor_ros/build/pubsub/prefix_override:/home/aarjan/minor_ros/install/pubsub/lib/python3.10/site-packages:${PYTHONPATH} /usr/bin/python3 setup.py egg_info --egg-base ../../build/pubsub build --build-base /home/aarjan/minor_ros/build/pubsub/build install --record /home/aarjan/minor_ros/build/pubsub/install.log --single-version-externally-managed
[2.665s] Level 1:colcon.colcon_core.environment:checking '/home/aarjan/minor_ros/install/pubsub' for CMake module files
[2.665s] Level 1:colcon.colcon_core.environment:checking '/home/aarjan/minor_ros/install/pubsub' for CMake config files
[2.666s] Level 1:colcon.colcon_core.environment:checking '/home/aarjan/minor_ros/install/pubsub/lib'
[2.666s] Level 1:colcon.colcon_core.environment:checking '/home/aarjan/minor_ros/install/pubsub/bin'
[2.666s] Level 1:colcon.colcon_core.environment:checking '/home/aarjan/minor_ros/install/pubsub/lib/pkgconfig/pubsub.pc'
[2.666s] Level 1:colcon.colcon_core.environment:checking '/home/aarjan/minor_ros/install/pubsub/lib/python3.10/site-packages'
[2.666s] Level 1:colcon.colcon_core.shell:create_environment_hook('pubsub', 'pythonpath')
[2.687s] INFO:colcon.colcon_core.shell:Creating environment hook '/home/aarjan/minor_ros/install/pubsub/share/pubsub/hook/pythonpath.ps1'
[2.688s] INFO:colcon.colcon_core.shell:Creating environment descriptor '/home/aarjan/minor_ros/install/pubsub/share/pubsub/hook/pythonpath.dsv'
[2.688s] INFO:colcon.colcon_core.shell:Creating environment hook '/home/aarjan/minor_ros/install/pubsub/share/pubsub/hook/pythonpath.sh'
[2.688s] Level 1:colcon.colcon_core.environment:checking '/home/aarjan/minor_ros/install/pubsub/bin'
[2.688s] Level 1:colcon.colcon_core.environment:create_environment_scripts_only(pubsub)
[2.701s] INFO:colcon.colcon_core.shell:Creating package script '/home/aarjan/minor_ros/install/pubsub/share/pubsub/package.ps1'
[2.701s] INFO:colcon.colcon_core.shell:Creating package descriptor '/home/aarjan/minor_ros/install/pubsub/share/pubsub/package.dsv'
[2.701s] INFO:colcon.colcon_core.shell:Creating package script '/home/aarjan/minor_ros/install/pubsub/share/pubsub/package.sh'
[2.702s] INFO:colcon.colcon_core.shell:Creating package script '/home/aarjan/minor_ros/install/pubsub/share/pubsub/package.bash'
[2.702s] INFO:colcon.colcon_core.shell:Creating package script '/home/aarjan/minor_ros/install/pubsub/share/pubsub/package.zsh'
[2.702s] Level 1:colcon.colcon_core.environment:create_file_with_runtime_dependencies(/home/aarjan/minor_ros/install/pubsub/share/colcon-core/packages/pubsub)
[2.702s] DEBUG:colcon.colcon_parallel_executor.executor.parallel:closing loop
[2.702s] DEBUG:colcon.colcon_parallel_executor.executor.parallel:loop closed
[2.702s] DEBUG:colcon.colcon_parallel_executor.executor.parallel:run_until_complete finished with '0'
[2.702s] DEBUG:colcon.colcon_core.event_reactor:joining thread
[2.720s] INFO:colcon.colcon_core.plugin_system:Skipping extension 'colcon_notification.desktop_notification.terminal_notifier': Not used on non-Darwin systems
[2.720s] INFO:colcon.colcon_core.plugin_system:Skipping extension 'colcon_notification.desktop_notification.win32': Not used on non-Windows systems
[2.720s] INFO:colcon.colcon_notification.desktop_notification:Sending desktop notification using 'notify2'
[2.728s] DEBUG:colcon.colcon_core.event_reactor:joined thread
[2.741s] INFO:colcon.colcon_core.shell:Creating prefix script '/home/aarjan/minor_ros/install/local_setup.ps1'
[2.742s] INFO:colcon.colcon_core.shell:Creating prefix util module '/home/aarjan/minor_ros/install/_local_setup_util_ps1.py'
[2.743s] INFO:colcon.colcon_core.shell:Creating prefix chain script '/home/aarjan/minor_ros/install/setup.ps1'
[2.756s] INFO:colcon.colcon_core.shell:Creating prefix script '/home/aarjan/minor_ros/install/local_setup.sh'
[2.756s] INFO:colcon.colcon_core.shell:Creating prefix util module '/home/aarjan/minor_ros/install/_local_setup_util_sh.py'
[2.757s] INFO:colcon.colcon_core.shell:Creating prefix chain script '/home/aarjan/minor_ros/install/setup.sh'
[2.771s] INFO:colcon.colcon_core.shell:Creating prefix script '/home/aarjan/minor_ros/install/local_setup.bash'
[2.771s] INFO:colcon.colcon_core.shell:Creating prefix chain script '/home/aarjan/minor_ros/install/setup.bash'
[2.785s] INFO:colcon.colcon_core.shell:Creating prefix script '/home/aarjan/minor_ros/install/local_setup.zsh'
[2.785s] INFO:colcon.colcon_core.shell:Creating prefix chain script '/home/aarjan/minor_ros/install/setup.zsh'
