[1.061s] Invoking command in '/home/aarjan/minor_ros/src/car_urdf': PYTHONPATH=/home/aarjan/minor_ros/build/car_urdf/prefix_override:/home/aarjan/minor_ros/install/car_urdf/lib/python3.10/site-packages:${PYTHONPATH} /usr/bin/python3 setup.py egg_info --egg-base ../../build/car_urdf build --build-base /home/aarjan/minor_ros/build/car_urdf/build install --record /home/aarjan/minor_ros/build/car_urdf/install.log --single-version-externally-managed
[1.268s] running egg_info
[1.269s] writing ../../build/car_urdf/car_urdf.egg-info/PKG-INFO
[1.269s] writing dependency_links to ../../build/car_urdf/car_urdf.egg-info/dependency_links.txt
[1.269s] writing entry points to ../../build/car_urdf/car_urdf.egg-info/entry_points.txt
[1.269s] writing requirements to ../../build/car_urdf/car_urdf.egg-info/requires.txt
[1.269s] writing top-level names to ../../build/car_urdf/car_urdf.egg-info/top_level.txt
[1.269s] writing ../../build/car_urdf/car_urdf.egg-info/PKG-INFO
[1.271s] writing dependency_links to ../../build/car_urdf/car_urdf.egg-info/dependency_links.txt
[1.271s] writing entry points to ../../build/car_urdf/car_urdf.egg-info/entry_points.txt
[1.272s] writing requirements to ../../build/car_urdf/car_urdf.egg-info/requires.txt
[1.272s] writing top-level names to ../../build/car_urdf/car_urdf.egg-info/top_level.txt
[1.272s] reading manifest file '../../build/car_urdf/car_urdf.egg-info/SOURCES.txt'
[1.272s] adding license file 'LICENSE'
[1.273s] writing manifest file '../../build/car_urdf/car_urdf.egg-info/SOURCES.txt'
[1.273s] running build
[1.273s] running build_py
[1.273s] running install
[1.273s] running install_lib
[1.274s] running install_data
[1.274s] running install_egg_info
[1.275s] removing '/home/aarjan/minor_ros/install/car_urdf/lib/python3.10/site-packages/car_urdf-0.0.0-py3.10.egg-info' (and everything under it)
[1.276s] Copying ../../build/car_urdf/car_urdf.egg-info to /home/aarjan/minor_ros/install/car_urdf/lib/python3.10/site-packages/car_urdf-0.0.0-py3.10.egg-info
[1.276s] running install_scripts
[1.290s] writing list of installed files to '/home/aarjan/minor_ros/build/car_urdf/install.log'
[1.358s] Invoked command in '/home/aarjan/minor_ros/src/car_urdf' returned '0': PYTHONPATH=/home/aarjan/minor_ros/build/car_urdf/prefix_override:/home/aarjan/minor_ros/install/car_urdf/lib/python3.10/site-packages:${PYTHONPATH} /usr/bin/python3 setup.py egg_info --egg-base ../../build/car_urdf build --build-base /home/aarjan/minor_ros/build/car_urdf/build install --record /home/aarjan/minor_ros/build/car_urdf/install.log --single-version-externally-managed
