running egg_info
creating ../build/pubsub/pubsub.egg-info
writing ../build/pubsub/pubsub.egg-info/PKG-INFO
writing dependency_links to ../build/pubsub/pubsub.egg-info/dependency_links.txt
writing entry points to ../build/pubsub/pubsub.egg-info/entry_points.txt
writing requirements to ../build/pubsub/pubsub.egg-info/requires.txt
writing top-level names to ../build/pubsub/pubsub.egg-info/top_level.txt
writing manifest file '../build/pubsub/pubsub.egg-info/SOURCES.txt'
reading manifest file '../build/pubsub/pubsub.egg-info/SOURCES.txt'
writing manifest file '../build/pubsub/pubsub.egg-info/SOURCES.txt'
running build
running build_py
creating /home/aarjan/minor_ros/build/pubsub/build
creating /home/aarjan/minor_ros/build/pubsub/build/lib
creating /home/aarjan/minor_ros/build/pubsub/build/lib/pubsub
copying pubsub/__init__.py -> /home/aarjan/minor_ros/build/pubsub/build/lib/pubsub
running install
running install_lib
creating /home/aarjan/minor_ros/install/pubsub/lib/python3.10/site-packages/pubsub
copying /home/aarjan/minor_ros/build/pubsub/build/lib/pubsub/__init__.py -> /home/aarjan/minor_ros/install/pubsub/lib/python3.10/site-packages/pubsub
byte-compiling /home/aarjan/minor_ros/install/pubsub/lib/python3.10/site-packages/pubsub/__init__.py to __init__.cpython-310.pyc
running install_data
creating /home/aarjan/minor_ros/install/pubsub/share/ament_index
creating /home/aarjan/minor_ros/install/pubsub/share/ament_index/resource_index
creating /home/aarjan/minor_ros/install/pubsub/share/ament_index/resource_index/packages
copying resource/pubsub -> /home/aarjan/minor_ros/install/pubsub/share/ament_index/resource_index/packages
copying package.xml -> /home/aarjan/minor_ros/install/pubsub/share/pubsub
running install_egg_info
Copying ../build/pubsub/pubsub.egg-info to /home/aarjan/minor_ros/install/pubsub/lib/python3.10/site-packages/pubsub-0.0.0-py3.10.egg-info
running install_scripts
writing list of installed files to '/home/aarjan/minor_ros/build/pubsub/install.log'
