[0.670s] Invoking command in '/home/aarjan/minor_ros/pubsub': PYTHONPATH=/home/aarjan/minor_ros/build/pubsub/prefix_override:/home/aarjan/minor_ros/install/pubsub/lib/python3.10/site-packages:${PYTHONPATH} /usr/bin/python3 setup.py egg_info --egg-base ../build/pubsub build --build-base /home/aarjan/minor_ros/build/pubsub/build install --record /home/aarjan/minor_ros/build/pubsub/install.log --single-version-externally-managed
[0.854s] running egg_info
[0.854s] creating ../build/pubsub/pubsub.egg-info
[0.854s] writing ../build/pubsub/pubsub.egg-info/PKG-INFO
[0.854s] writing dependency_links to ../build/pubsub/pubsub.egg-info/dependency_links.txt
[0.854s] writing entry points to ../build/pubsub/pubsub.egg-info/entry_points.txt
[0.854s] writing requirements to ../build/pubsub/pubsub.egg-info/requires.txt
[0.854s] writing top-level names to ../build/pubsub/pubsub.egg-info/top_level.txt
[0.854s] writing manifest file '../build/pubsub/pubsub.egg-info/SOURCES.txt'
[0.855s] reading manifest file '../build/pubsub/pubsub.egg-info/SOURCES.txt'
[0.855s] writing manifest file '../build/pubsub/pubsub.egg-info/SOURCES.txt'
[0.855s] running build
[0.855s] running build_py
[0.856s] creating /home/aarjan/minor_ros/build/pubsub/build
[0.856s] creating /home/aarjan/minor_ros/build/pubsub/build/lib
[0.856s] creating /home/aarjan/minor_ros/build/pubsub/build/lib/pubsub
[0.856s] copying pubsub/__init__.py -> /home/aarjan/minor_ros/build/pubsub/build/lib/pubsub
[0.856s] running install
[0.856s] running install_lib
[0.856s] creating /home/aarjan/minor_ros/install/pubsub/lib/python3.10/site-packages/pubsub
[0.856s] copying /home/aarjan/minor_ros/build/pubsub/build/lib/pubsub/__init__.py -> /home/aarjan/minor_ros/install/pubsub/lib/python3.10/site-packages/pubsub
[0.856s] byte-compiling /home/aarjan/minor_ros/install/pubsub/lib/python3.10/site-packages/pubsub/__init__.py to __init__.cpython-310.pyc
[0.857s] running install_data
[0.857s] creating /home/aarjan/minor_ros/install/pubsub/share/ament_index
[0.857s] creating /home/aarjan/minor_ros/install/pubsub/share/ament_index/resource_index
[0.857s] creating /home/aarjan/minor_ros/install/pubsub/share/ament_index/resource_index/packages
[0.857s] copying resource/pubsub -> /home/aarjan/minor_ros/install/pubsub/share/ament_index/resource_index/packages
[0.857s] copying package.xml -> /home/aarjan/minor_ros/install/pubsub/share/pubsub
[0.857s] running install_egg_info
[0.858s] Copying ../build/pubsub/pubsub.egg-info to /home/aarjan/minor_ros/install/pubsub/lib/python3.10/site-packages/pubsub-0.0.0-py3.10.egg-info
[0.859s] running install_scripts
[0.871s] writing list of installed files to '/home/aarjan/minor_ros/build/pubsub/install.log'
[0.889s] Invoked command in '/home/aarjan/minor_ros/pubsub' returned '0': PYTHONPATH=/home/aarjan/minor_ros/build/pubsub/prefix_override:/home/aarjan/minor_ros/install/pubsub/lib/python3.10/site-packages:${PYTHONPATH} /usr/bin/python3 setup.py egg_info --egg-base ../build/pubsub build --build-base /home/aarjan/minor_ros/build/pubsub/build install --record /home/aarjan/minor_ros/build/pubsub/install.log --single-version-externally-managed
