/home/aarjan/minor_ros/install/pubsub/lib/python3.10/site-packages/pubsub/__init__.py
/home/aarjan/minor_ros/install/pubsub/lib/python3.10/site-packages/pubsub/my_vel_subscriber.py
/home/aarjan/minor_ros/install/pubsub/lib/python3.10/site-packages/pubsub/vel_publisher.py
/home/aarjan/minor_ros/install/pubsub/lib/python3.10/site-packages/pubsub/vel_subscriber.py
/home/aarjan/minor_ros/install/pubsub/lib/python3.10/site-packages/pubsub/__pycache__/__init__.cpython-310.pyc
/home/aarjan/minor_ros/install/pubsub/lib/python3.10/site-packages/pubsub/__pycache__/my_vel_subscriber.cpython-310.pyc
/home/aarjan/minor_ros/install/pubsub/lib/python3.10/site-packages/pubsub/__pycache__/vel_publisher.cpython-310.pyc
/home/aarjan/minor_ros/install/pubsub/lib/python3.10/site-packages/pubsub/__pycache__/vel_subscriber.cpython-310.pyc
/home/aarjan/minor_ros/install/pubsub/share/ament_index/resource_index/packages/pubsub
/home/aarjan/minor_ros/install/pubsub/share/pubsub/package.xml
/home/aarjan/minor_ros/install/pubsub/lib/python3.10/site-packages/pubsub-0.0.0-py3.10.egg-info/PKG-INFO
/home/aarjan/minor_ros/install/pubsub/lib/python3.10/site-packages/pubsub-0.0.0-py3.10.egg-info/dependency_links.txt
/home/aarjan/minor_ros/install/pubsub/lib/python3.10/site-packages/pubsub-0.0.0-py3.10.egg-info/entry_points.txt
/home/aarjan/minor_ros/install/pubsub/lib/python3.10/site-packages/pubsub-0.0.0-py3.10.egg-info/SOURCES.txt
/home/aarjan/minor_ros/install/pubsub/lib/python3.10/site-packages/pubsub-0.0.0-py3.10.egg-info/zip-safe
/home/aarjan/minor_ros/install/pubsub/lib/python3.10/site-packages/pubsub-0.0.0-py3.10.egg-info/requires.txt
/home/aarjan/minor_ros/install/pubsub/lib/python3.10/site-packages/pubsub-0.0.0-py3.10.egg-info/top_level.txt
/home/aarjan/minor_ros/install/pubsub/lib/pubsub/draw_circle
/home/aarjan/minor_ros/install/pubsub/lib/pubsub/listener
/home/aarjan/minor_ros/install/pubsub/lib/pubsub/motor_vel
/home/aarjan/minor_ros/install/pubsub/lib/pubsub/talker
/home/aarjan/minor_ros/install/pubsub/lib/pubsub/test_node
/home/aarjan/minor_ros/install/pubsub/lib/pubsub/turtle_controller
