[0.676s] Invoking command in '/home/aarjan/minor_ros/src/pubsub': PYTHONPATH=/home/aarjan/minor_ros/build/pubsub/prefix_override:/home/aarjan/minor_ros/install/pubsub/lib/python3.10/site-packages:${PYTHONPATH} /usr/bin/python3 setup.py egg_info --egg-base ../../build/pubsub build --build-base /home/aarjan/minor_ros/build/pubsub/build install --record /home/aarjan/minor_ros/build/pubsub/install.log --single-version-externally-managed
[0.873s] running egg_info
[0.873s] writing ../../build/pubsub/pubsub.egg-info/PKG-INFO
[0.873s] writing dependency_links to ../../build/pubsub/pubsub.egg-info/dependency_links.txt
[0.873s] writing entry points to ../../build/pubsub/pubsub.egg-info/entry_points.txt
[0.873s] writing requirements to ../../build/pubsub/pubsub.egg-info/requires.txt
[0.873s] writing top-level names to ../../build/pubsub/pubsub.egg-info/top_level.txt
[0.874s] reading manifest file '../../build/pubsub/pubsub.egg-info/SOURCES.txt'
[0.875s] writing manifest file '../../build/pubsub/pubsub.egg-info/SOURCES.txt'
[0.875s] running build
[0.875s] running build_py
[0.875s] copying pubsub/vel_subscriber.py -> /home/aarjan/minor_ros/build/pubsub/build/lib/pubsub
[0.875s] running install
[0.875s] running install_lib
[0.876s] copying /home/aarjan/minor_ros/build/pubsub/build/lib/pubsub/vel_subscriber.py -> /home/aarjan/minor_ros/install/pubsub/lib/python3.10/site-packages/pubsub
[0.876s] byte-compiling /home/aarjan/minor_ros/install/pubsub/lib/python3.10/site-packages/pubsub/vel_subscriber.py to vel_subscriber.cpython-310.pyc
[0.876s] running install_data
[0.877s] running install_egg_info
[0.878s] removing '/home/aarjan/minor_ros/install/pubsub/lib/python3.10/site-packages/pubsub-0.0.0-py3.10.egg-info' (and everything under it)
[0.878s] Copying ../../build/pubsub/pubsub.egg-info to /home/aarjan/minor_ros/install/pubsub/lib/python3.10/site-packages/pubsub-0.0.0-py3.10.egg-info
[0.878s] running install_scripts
[0.891s] Installing draw_circle script to /home/aarjan/minor_ros/install/pubsub/lib/pubsub
[0.891s] Installing listener script to /home/aarjan/minor_ros/install/pubsub/lib/pubsub
[0.891s] Installing talker script to /home/aarjan/minor_ros/install/pubsub/lib/pubsub
[0.891s] Installing test_node script to /home/aarjan/minor_ros/install/pubsub/lib/pubsub
[0.891s] Installing turtle_controller script to /home/aarjan/minor_ros/install/pubsub/lib/pubsub
[0.891s] writing list of installed files to '/home/aarjan/minor_ros/build/pubsub/install.log'
[0.909s] Invoked command in '/home/aarjan/minor_ros/src/pubsub' returned '0': PYTHONPATH=/home/aarjan/minor_ros/build/pubsub/prefix_override:/home/aarjan/minor_ros/install/pubsub/lib/python3.10/site-packages:${PYTHONPATH} /usr/bin/python3 setup.py egg_info --egg-base ../../build/pubsub build --build-base /home/aarjan/minor_ros/build/pubsub/build install --record /home/aarjan/minor_ros/build/pubsub/install.log --single-version-externally-managed
