running egg_info
writing ../../build/pubsub/pubsub.egg-info/PKG-INFO
writing dependency_links to ../../build/pubsub/pubsub.egg-info/dependency_links.txt
writing entry points to ../../build/pubsub/pubsub.egg-info/entry_points.txt
writing requirements to ../../build/pubsub/pubsub.egg-info/requires.txt
writing top-level names to ../../build/pubsub/pubsub.egg-info/top_level.txt
reading manifest file '../../build/pubsub/pubsub.egg-info/SOURCES.txt'
writing manifest file '../../build/pubsub/pubsub.egg-info/SOURCES.txt'
running build
running build_py
copying pubsub/vel_publisher.py -> /home/aarjan/minor_ros/build/pubsub/build/lib/pubsub
copying pubsub/vel_subscriber.py -> /home/aarjan/minor_ros/build/pubsub/build/lib/pubsub
running install
running install_lib
copying /home/aarjan/minor_ros/build/pubsub/build/lib/pubsub/vel_publisher.py -> /home/aarjan/minor_ros/install/pubsub/lib/python3.10/site-packages/pubsub
copying /home/aarjan/minor_ros/build/pubsub/build/lib/pubsub/vel_subscriber.py -> /home/aarjan/minor_ros/install/pubsub/lib/python3.10/site-packages/pubsub
byte-compiling /home/aarjan/minor_ros/install/pubsub/lib/python3.10/site-packages/pubsub/vel_publisher.py to vel_publisher.cpython-310.pyc
byte-compiling /home/aarjan/minor_ros/install/pubsub/lib/python3.10/site-packages/pubsub/vel_subscriber.py to vel_subscriber.cpython-310.pyc
running install_data
copying package.xml -> /home/aarjan/minor_ros/install/pubsub/share/pubsub
running install_egg_info
removing '/home/aarjan/minor_ros/install/pubsub/lib/python3.10/site-packages/pubsub-0.0.0-py3.10.egg-info' (and everything under it)
Copying ../../build/pubsub/pubsub.egg-info to /home/aarjan/minor_ros/install/pubsub/lib/python3.10/site-packages/pubsub-0.0.0-py3.10.egg-info
running install_scripts
writing list of installed files to '/home/aarjan/minor_ros/build/pubsub/install.log'
