[1.039s] Invoking command in '/home/aarjan/minor_ros/src/car_urdf': PYTHONPATH=/home/aarjan/minor_ros/build/car_urdf/prefix_override:/home/aarjan/minor_ros/install/car_urdf/lib/python3.10/site-packages:${PYTHONPATH} /usr/bin/python3 setup.py egg_info --egg-base ../../build/car_urdf build --build-base /home/aarjan/minor_ros/build/car_urdf/build install --record /home/aarjan/minor_ros/build/car_urdf/install.log --single-version-externally-managed
[1.239s] running egg_info
[1.239s] writing ../../build/car_urdf/car_urdf.egg-info/PKG-INFO
[1.240s] writing dependency_links to ../../build/car_urdf/car_urdf.egg-info/dependency_links.txt
[1.240s] writing entry points to ../../build/car_urdf/car_urdf.egg-info/entry_points.txt
[1.240s] writing requirements to ../../build/car_urdf/car_urdf.egg-info/requires.txt
[1.240s] writing top-level names to ../../build/car_urdf/car_urdf.egg-info/top_level.txt
[1.240s] writing ../../build/car_urdf/car_urdf.egg-info/PKG-INFO
[1.241s] writing dependency_links to ../../build/car_urdf/car_urdf.egg-info/dependency_links.txt
[1.241s] writing entry points to ../../build/car_urdf/car_urdf.egg-info/entry_points.txt
[1.242s] writing requirements to ../../build/car_urdf/car_urdf.egg-info/requires.txt
[1.242s] writing top-level names to ../../build/car_urdf/car_urdf.egg-info/top_level.txt
[1.242s] reading manifest file '../../build/car_urdf/car_urdf.egg-info/SOURCES.txt'
[1.242s] adding license file 'LICENSE'
[1.243s] writing manifest file '../../build/car_urdf/car_urdf.egg-info/SOURCES.txt'
[1.243s] running build
[1.243s] running build_py
[1.243s] running install
[1.243s] running install_lib
[1.244s] running install_data
[1.244s] running install_egg_info
[1.245s] removing '/home/aarjan/minor_ros/install/car_urdf/lib/python3.10/site-packages/car_urdf-0.0.0-py3.10.egg-info' (and everything under it)
[1.245s] Copying ../../build/car_urdf/car_urdf.egg-info to /home/aarjan/minor_ros/install/car_urdf/lib/python3.10/site-packages/car_urdf-0.0.0-py3.10.egg-info
[1.246s] running install_scripts
[1.259s] writing list of installed files to '/home/aarjan/minor_ros/build/car_urdf/install.log'
[1.282s] Invoked command in '/home/aarjan/minor_ros/src/car_urdf' returned '0': PYTHONPATH=/home/aarjan/minor_ros/build/car_urdf/prefix_override:/home/aarjan/minor_ros/install/car_urdf/lib/python3.10/site-packages:${PYTHONPATH} /usr/bin/python3 setup.py egg_info --egg-base ../../build/car_urdf build --build-base /home/aarjan/minor_ros/build/car_urdf/build install --record /home/aarjan/minor_ros/build/car_urdf/install.log --single-version-externally-managed
