[1.357s] Invoking command in '/home/aarjan/minor_ros/src/pubsub': PYTHONPATH=/home/aarjan/minor_ros/build/pubsub/prefix_override:/home/aarjan/minor_ros/install/pubsub/lib/python3.10/site-packages:${PYTHONPATH} /usr/bin/python3 setup.py egg_info --egg-base ../../build/pubsub build --build-base /home/aarjan/minor_ros/build/pubsub/build install --record /home/aarjan/minor_ros/build/pubsub/install.log --single-version-externally-managed
[1.642s] running egg_info
[1.643s] writing ../../build/pubsub/pubsub.egg-info/PKG-INFO
[1.644s] writing dependency_links to ../../build/pubsub/pubsub.egg-info/dependency_links.txt
[1.644s] writing entry points to ../../build/pubsub/pubsub.egg-info/entry_points.txt
[1.644s] writing requirements to ../../build/pubsub/pubsub.egg-info/requires.txt
[1.644s] writing top-level names to ../../build/pubsub/pubsub.egg-info/top_level.txt
[1.646s] reading manifest file '../../build/pubsub/pubsub.egg-info/SOURCES.txt'
[1.647s] writing manifest file '../../build/pubsub/pubsub.egg-info/SOURCES.txt'
[1.647s] running build
[1.647s] running build_py
[1.648s] running install
[1.648s] running install_lib
[1.649s] running install_data
[1.650s] running install_egg_info
[1.652s] removing '/home/aarjan/minor_ros/install/pubsub/lib/python3.10/site-packages/pubsub-0.0.0-py3.10.egg-info' (and everything under it)
[1.652s] Copying ../../build/pubsub/pubsub.egg-info to /home/aarjan/minor_ros/install/pubsub/lib/python3.10/site-packages/pubsub-0.0.0-py3.10.egg-info
[1.653s] running install_scripts
[1.673s] Installing draw_circle script to /home/aarjan/minor_ros/install/pubsub/lib/pubsub
[1.673s] Installing listener script to /home/aarjan/minor_ros/install/pubsub/lib/pubsub
[1.673s] Installing motor_vel script to /home/aarjan/minor_ros/install/pubsub/lib/pubsub
[1.673s] Installing talker script to /home/aarjan/minor_ros/install/pubsub/lib/pubsub
[1.674s] Installing test_node script to /home/aarjan/minor_ros/install/pubsub/lib/pubsub
[1.674s] Installing turtle_controller script to /home/aarjan/minor_ros/install/pubsub/lib/pubsub
[1.674s] writing list of installed files to '/home/aarjan/minor_ros/build/pubsub/install.log'
[1.722s] Invoked command in '/home/aarjan/minor_ros/src/pubsub' returned '0': PYTHONPATH=/home/aarjan/minor_ros/build/pubsub/prefix_override:/home/aarjan/minor_ros/install/pubsub/lib/python3.10/site-packages:${PYTHONPATH} /usr/bin/python3 setup.py egg_info --egg-base ../../build/pubsub build --build-base /home/aarjan/minor_ros/build/pubsub/build install --record /home/aarjan/minor_ros/build/pubsub/install.log --single-version-externally-managed
