[1.084s] Invoking command in '/home/aarjan/minor_ros/src/car_urdf': PYTHONPATH=/home/aarjan/minor_ros/build/car_urdf/prefix_override:/home/aarjan/minor_ros/install/car_urdf/lib/python3.10/site-packages:${PYTHONPATH} /usr/bin/python3 setup.py egg_info --egg-base ../../build/car_urdf build --build-base /home/aarjan/minor_ros/build/car_urdf/build install --record /home/aarjan/minor_ros/build/car_urdf/install.log --single-version-externally-managed
[1.284s] running egg_info
[1.284s] writing ../../build/car_urdf/car_urdf.egg-info/PKG-INFO
[1.284s] writing dependency_links to ../../build/car_urdf/car_urdf.egg-info/dependency_links.txt
[1.284s] writing entry points to ../../build/car_urdf/car_urdf.egg-info/entry_points.txt
[1.284s] writing requirements to ../../build/car_urdf/car_urdf.egg-info/requires.txt
[1.284s] writing top-level names to ../../build/car_urdf/car_urdf.egg-info/top_level.txt
[1.285s] writing ../../build/car_urdf/car_urdf.egg-info/PKG-INFO
[1.286s] writing dependency_links to ../../build/car_urdf/car_urdf.egg-info/dependency_links.txt
[1.286s] writing entry points to ../../build/car_urdf/car_urdf.egg-info/entry_points.txt
[1.286s] writing requirements to ../../build/car_urdf/car_urdf.egg-info/requires.txt
[1.286s] writing top-level names to ../../build/car_urdf/car_urdf.egg-info/top_level.txt
[1.287s] reading manifest file '../../build/car_urdf/car_urdf.egg-info/SOURCES.txt'
[1.290s] writing manifest file '../../build/car_urdf/car_urdf.egg-info/SOURCES.txt'
[1.290s] running build
[1.290s] running build_py
[1.290s] running install
[1.290s] running install_lib
[1.290s] running install_data
[1.291s] creating /home/aarjan/minor_ros/install/car_urdf/share/car_urdf/car
[1.291s] running install_egg_info
[1.292s] removing '/home/aarjan/minor_ros/install/car_urdf/lib/python3.10/site-packages/car_urdf-0.0.0-py3.10.egg-info' (and everything under it)
[1.292s] Copying ../../build/car_urdf/car_urdf.egg-info to /home/aarjan/minor_ros/install/car_urdf/lib/python3.10/site-packages/car_urdf-0.0.0-py3.10.egg-info
[1.292s] running install_scripts
[1.306s] Installing talker script to /home/aarjan/minor_ros/install/car_urdf/lib/car_urdf
[1.306s] writing list of installed files to '/home/aarjan/minor_ros/build/car_urdf/install.log'
[1.336s] Invoked command in '/home/aarjan/minor_ros/src/car_urdf' returned '0': PYTHONPATH=/home/aarjan/minor_ros/build/car_urdf/prefix_override:/home/aarjan/minor_ros/install/car_urdf/lib/python3.10/site-packages:${PYTHONPATH} /usr/bin/python3 setup.py egg_info --egg-base ../../build/car_urdf build --build-base /home/aarjan/minor_ros/build/car_urdf/build install --record /home/aarjan/minor_ros/build/car_urdf/install.log --single-version-externally-managed
